0 info it worked if it ends with ok
1 verbose cli [ 'C:\\Program Files\\nodejs\\node.exe',
1 verbose cli   'C:\\Users\\Hare\\AppData\\Roaming\\npm\\node_modules\\npm\\bin\\npm-cli.js',
1 verbose cli   'start' ]
2 info using npm@4.0.5
3 info using node@v7.3.0
4 verbose run-script [ 'prestart', 'start', 'poststart' ]
5 info lifecycle SMApp-HSDESIGN@1.0.0~prestart: SMApp-HSDESIGN@1.0.0
6 silly lifecycle SMApp-HSDESIGN@1.0.0~prestart: no script for prestart, continuing
7 info lifecycle SMApp-HSDESIGN@1.0.0~start: SMApp-HSDESIGN@1.0.0
8 verbose lifecycle SMApp-HSDESIGN@1.0.0~start: unsafe-perm in lifecycle true
9 verbose lifecycle SMApp-HSDESIGN@1.0.0~start: PATH: C:\Users\Hare\AppData\Roaming\npm\node_modules\npm\bin\node-gyp-bin;C:\wamp\www\smapp\smapp-api\node_modules\.bin;C:\Program Files\ImageMagick-6.9.3-Q16;C:\ProgramData\Oracle\Java\javapath;C:\windows\system32;C:\windows;C:\windows\System32\Wbem;C:\windows\System32\WindowsPowerShell\v1.0\;C:\Program Files\Microsoft SQL Server\130\Tools\Binn\;C:\Program Files\dotnet\;C:\Program Files\TortoiseSVN\bin;C:\Program Files (x86)\Heroku\bin;C:\Program Files (x86)\git\cmd;D:\Program Files\Matlab\runtime\win64;D:\Program Files\Matlab\bin;D:\Program Files\Matlab\polyspace\bin;C:\Program Files\nodejs\;C:\Program Files\Git\cmd;C:\Program Files (x86)\VisualSVN\bin;C:\Ruby193\bin;C:\Program Files (x86)\Microsoft VS Code\bin;C:\Users\Hare\AppData\Local\Microsoft\WindowsApps;C:\Users\Hare\AppData\Roaming\npm;C:\Program Files\Heroku\bin
10 verbose lifecycle SMApp-HSDESIGN@1.0.0~start: CWD: C:\wamp\www\smapp\smapp-api
11 silly lifecycle SMApp-HSDESIGN@1.0.0~start: Args: [ '/d /s /c', 'node start.js' ]
12 verbose stack Error: kill ENOSYS
12 verbose stack     at exports._errnoException (util.js:1022:11)
12 verbose stack     at process.kill (internal/process.js:173:13)
12 verbose stack     at process.listener (C:\Users\Hare\AppData\Roaming\npm\node_modules\npm\node_modules\npmlog\node_modules\gauge\node_modules\signal-exit\index.js:86:15)
12 verbose stack     at emitNone (events.js:91:20)
12 verbose stack     at process.emit (events.js:185:7)
12 verbose stack     at processEmit (C:\Users\Hare\AppData\Roaming\npm\node_modules\npm\node_modules\npmlog\node_modules\gauge\node_modules\signal-exit\index.js:146:32)
12 verbose stack     at processEmit (C:\Users\Hare\AppData\Roaming\npm\node_modules\npm\node_modules\npm-registry-client\node_modules\npmlog\node_modules\gauge\node_modules\signal-exit\index.js:146:32)
12 verbose stack     at Signal.wrap.onsignal (internal/process.js:200:44)
13 verbose cwd C:\wamp\www\smapp\smapp-api
14 error Windows_NT 10.0.14393
15 error argv "C:\\Program Files\\nodejs\\node.exe" "C:\\Users\\Hare\\AppData\\Roaming\\npm\\node_modules\\npm\\bin\\npm-cli.js" "start"
16 error node v7.3.0
17 error npm  v4.0.5
18 error code ENOSYS
19 error errno ENOSYS
20 error syscall kill
21 error kill ENOSYS
22 error If you need help, you may report this error at:
22 error     <https://github.com/npm/npm/issues>
23 verbose exit [ 1, true ]
