{"level":"info","message":"No OPENSHIFT_NODEJS_IP const, using 127.0.0.1","timestamp":"14:00:01"}
{"level":"info","message":"SMAppi Node server started on 127.0.0.1:8081","timestamp":"14:00:01"}
{"level":"info","message":"Sending test push","timestamp":"14:02:03"}
{"level":"info","message":"No OPENSHIFT_NODEJS_IP const, using 127.0.0.1","timestamp":"14:04:36"}
{"level":"info","message":"SMAppi Node server started on 127.0.0.1:8081","timestamp":"14:04:36"}
{"level":"info","message":"No OPENSHIFT_NODEJS_IP const, using 127.0.0.1","timestamp":"14:04:44"}
{"level":"info","message":"SMAppi Node server started on 127.0.0.1:8081","timestamp":"14:04:44"}
{"level":"info","message":"POST /artikli","timestamp":"14:05:00"}
{"message":"Cannot read property 'info' of undefined","stack":"TypeError: Cannot read property 'info' of undefined\n    at Object.posaljiPush (D:\\My projects\\smapp\\smapp-api\\app\\utils\\helper-functions.js:22:11)\n    at Instance.<anonymous> (D:\\My projects\\smapp\\smapp-api\\app\\routes\\artikli.route.js:490:33)\n    at Instance.tryCatcher (D:\\My projects\\smapp\\smapp-api\\node_modules\\sequelize\\node_modules\\bluebird\\js\\release\\util.js:16:23)\n    at Promise._settlePromiseFromHandler (D:\\My projects\\smapp\\smapp-api\\node_modules\\sequelize\\node_modules\\bluebird\\js\\release\\promise.js:512:31)\n    at Promise._settlePromise (D:\\My projects\\smapp\\smapp-api\\node_modules\\sequelize\\node_modules\\bluebird\\js\\release\\promise.js:569:18)\n    at Promise._settlePromise0 (D:\\My projects\\smapp\\smapp-api\\node_modules\\sequelize\\node_modules\\bluebird\\js\\release\\promise.js:614:10)\n    at Promise._settlePromises (D:\\My projects\\smapp\\smapp-api\\node_modules\\sequelize\\node_modules\\bluebird\\js\\release\\promise.js:693:18)\n    at Async._drainQueue (D:\\My projects\\smapp\\smapp-api\\node_modules\\sequelize\\node_modules\\bluebird\\js\\release\\async.js:133:16)\n    at Async._drainQueues (D:\\My projects\\smapp\\smapp-api\\node_modules\\sequelize\\node_modules\\bluebird\\js\\release\\async.js:143:10)\n    at Immediate.Async.drainQueues (D:\\My projects\\smapp\\smapp-api\\node_modules\\sequelize\\node_modules\\bluebird\\js\\release\\async.js:17:14)\n    at runCallback (timers.js:781:20)\n    at tryOnImmediate (timers.js:743:5)\n    at processImmediate [as _immediateCallback] (timers.js:714:5)","level":"error","timestamp":"14:05:03"}
{"level":"info","message":"No OPENSHIFT_NODEJS_IP const, using 127.0.0.1","timestamp":"14:05:50"}
{"level":"info","message":"SMAppi Node server started on 127.0.0.1:8081","timestamp":"14:05:50"}
{"level":"info","message":"POST /artikli","timestamp":"14:05:55"}
{"level":"info","message":"Sending push","timestamp":"14:06:03"}
{"level":"info","message":"No OPENSHIFT_NODEJS_IP const, using 127.0.0.1","timestamp":"14:06:55"}
{"level":"info","message":"SMAppi Node server started on 127.0.0.1:8081","timestamp":"14:06:55"}
{"level":"info","message":"No OPENSHIFT_NODEJS_IP const, using 127.0.0.1","timestamp":"14:07:10"}
{"level":"info","message":"SMAppi Node server started on 127.0.0.1:8081","timestamp":"14:07:10"}
{"level":"info","message":"POST /artikli","timestamp":"14:07:13"}
{"level":"info","message":"Sending push","timestamp":"14:07:15"}
{"Message":"Push sent to: d-LHn5Z9d5I:APA91bFTu2Zs3kNtlcazrChKAvBTtz5OHx17oUF3sgqVU0DO42OY0BI3l4HL5g8WDP3giPlI23HoopEmqbiz3pFV-BppGmtU6gj8FXXXw28WUTUs5qXNICh6w-rCUim5Ows4tiM9uuKY","level":"info","message":"","timestamp":"14:07:21"}
{"level":"info","message":"No OPENSHIFT_NODEJS_IP const, using 127.0.0.1","timestamp":"14:08:33"}
{"level":"info","message":"SMAppi Node server started on 127.0.0.1:8081","timestamp":"14:08:33"}
{"level":"info","message":"No OPENSHIFT_NODEJS_IP const, using 127.0.0.1","timestamp":"14:08:42"}
{"level":"info","message":"SMAppi Node server started on 127.0.0.1:8081","timestamp":"14:08:42"}
{"level":"info","message":"No OPENSHIFT_NODEJS_IP const, using 127.0.0.1","timestamp":"11:41:48"}
{"level":"info","message":"CZOO - Node app is running on port 5000  | MODE:  development","timestamp":"11:41:48"}
{"level":"info","message":"No OPENSHIFT_NODEJS_IP const, using 127.0.0.1","timestamp":"11:43:52"}
{"level":"info","message":"CZOO - Node app is running on port 5000  | MODE:  development","timestamp":"11:43:52"}
{"level":"info","message":"CZOO - Node app is running on port 8081  | MODE:  development","timestamp":"11:45:04"}
{"level":"info","message":"CZOO - Node app is running on port 8081  | MODE:  development","timestamp":"12:50:58"}
{"level":"info","message":"Creating backup at 2017-09-11-08-18-51","timestamp":"08:18:51"}
{"message":"getaddrinfo ENOENT 029fa374-392e-4920-8be6-a53900bb8926.mysql.sequelizer.com:3306","stack":"Error: getaddrinfo ENOENT 029fa374-392e-4920-8be6-a53900bb8926.mysql.sequelizer.com:3306\n    at Object._errnoException (util.js:1041:11)\n    at errnoException (dns.js:58:15)\n    at GetAddrInfoReqWrap.onlookup [as oncomplete] (dns.js:95:26)\n    --------------------\n    at Protocol._enqueue (F:\\My projects\\smapp\\smapp-api\\node_modules\\mysql\\lib\\protocol\\Protocol.js:145:48)\n    at Protocol.handshake (F:\\My projects\\smapp\\smapp-api\\node_modules\\mysql\\lib\\protocol\\Protocol.js:52:23)\n    at Connection.connect (F:\\My projects\\smapp\\smapp-api\\node_modules\\mysql\\lib\\Connection.js:130:18)\n    at Connection._implyConnect (F:\\My projects\\smapp\\smapp-api\\node_modules\\mysql\\lib\\Connection.js:461:10)\n    at Connection.query (F:\\My projects\\smapp\\smapp-api\\node_modules\\mysql\\lib\\Connection.js:206:8)\n    at Object.self.query (F:\\My projects\\smapp\\smapp-api\\node_modules\\mysqldump\\node_modules\\mq-node\\dist\\index.js:96:7)\n    at F:\\My projects\\smapp\\smapp-api\\node_modules\\mysqldump\\index.js:176:12\n    at F:\\My projects\\smapp\\smapp-api\\node_modules\\async\\lib\\async.js:718:13\n    at async.forEachOf.async.eachOf (F:\\My projects\\smapp\\smapp-api\\node_modules\\async\\lib\\async.js:233:13)\n    at _parallel (F:\\My projects\\smapp\\smapp-api\\node_modules\\async\\lib\\async.js:717:9)\n    at Object.async.parallel (F:\\My projects\\smapp\\smapp-api\\node_modules\\async\\lib\\async.js:731:9)\n    at Array.async.auto.createSchemaDump (F:\\My projects\\smapp\\smapp-api\\node_modules\\mysqldump\\index.js:179:10)\n    at F:\\My projects\\smapp\\smapp-api\\node_modules\\async\\lib\\async.js:596:38\n    at _arrayEach (F:\\My projects\\smapp\\smapp-api\\node_modules\\async\\lib\\async.js:85:13)\n    at Object.async.auto (F:\\My projects\\smapp\\smapp-api\\node_modules\\async\\lib\\async.js:554:9)\n    at module.exports (F:\\My projects\\smapp\\smapp-api\\node_modules\\mysqldump\\index.js:155:8)\n    at Job.job (F:\\My projects\\smapp\\smapp-api\\app\\start.js:51:5)\n    at Job.invoke (F:\\My projects\\smapp\\smapp-api\\node_modules\\node-schedule\\lib\\schedule.js:173:10)\n    at Timeout._onTimeout (F:\\My projects\\smapp\\smapp-api\\node_modules\\node-schedule\\lib\\schedule.js:543:11)\n    at ontimeout (timers.js:469:11)\n    at tryOnTimeout (timers.js:304:5)\n    at Timer.listOnTimeout (timers.js:264:5)","code":"ENOENT","errno":"ENOENT","syscall":"getaddrinfo","hostname":"029fa374-392e-4920-8be6-a53900bb8926.mysql.sequelizer.com","host":"029fa374-392e-4920-8be6-a53900bb8926.mysql.sequelizer.com","port":3306,"fatal":true,"level":"error","timestamp":"08:18:55"}
{"level":"info","message":"CZOO - Node app is running on port 8081  | MODE:  development","timestamp":"18:22:52"}
{"level":"info","message":"CZOO - Node app is running on port 8081  | MODE:  development","timestamp":"19:47:59"}
{"level":"info","message":"CZOO - Node app is running on port 8081  | MODE:  development","timestamp":"20:38:26"}
{"level":"info","message":"CZOO - Node app is running on port 8081  | MODE:  development","timestamp":"06:46:42"}
{"level":"info","message":"Creating backup at 2017-10-14-07-00-00","timestamp":"07:00:00"}
{"level":"info","message":"CZOO - Node app is running on port 8081  | MODE:  development","timestamp":"07:07:47"}
{"level":"info","message":"CZOO - Node app is running on port 8081  | MODE:  development","timestamp":"07:10:18"}
{"level":"info","message":"CZOO - Node app is running on port 8081  | MODE:  development","timestamp":"12:28:12"}
{"level":"info","message":"CZOO - Node app is running on port 8081  | MODE:  development","timestamp":"10:40:35"}
{"level":"info","message":"CZOO - Node app is running on port 8081  | MODE:  development","timestamp":"14:25:04"}
{"level":"info","message":"CZOO - Node app is running on port 8081  | MODE:  development","timestamp":"07:20:50"}
{"level":"info","message":"CZOO - Node app is running on port 8081  | MODE:  development","timestamp":"20:06:29"}
{"level":"info","message":"GET /artikli","timestamp":"20:22:21"}
{"message":"getaddrinfo ENOTFOUND 029fa374-392e-4920-8be6-a53900bb8926.mysql.sequelizer.com 029fa374-392e-4920-8be6-a53900bb8926.mysql.sequelizer.com:3306","name":"SequelizeHostNotFoundError","stack":"SequelizeHostNotFoundError: getaddrinfo ENOTFOUND 029fa374-392e-4920-8be6-a53900bb8926.mysql.sequelizer.com 029fa374-392e-4920-8be6-a53900bb8926.mysql.sequelizer.com:3306\n    at Handshake._callback (F:\\My projects\\smapp\\smapp-api\\node_modules\\sequelize\\lib\\dialects\\mysql\\connection-manager.js:86:20)\n    at Handshake.Sequence.end (F:\\My projects\\smapp\\smapp-api\\node_modules\\mysql\\lib\\protocol\\sequences\\Sequence.js:88:24)\n    at Protocol.handleNetworkError (F:\\My projects\\smapp\\smapp-api\\node_modules\\mysql\\lib\\protocol\\Protocol.js:363:14)\n    at Connection._handleNetworkError (F:\\My projects\\smapp\\smapp-api\\node_modules\\mysql\\lib\\Connection.js:428:18)\n    at emitOne (events.js:116:13)\n    at Socket.emit (events.js:211:7)\n    at emitErrorNT (internal/streams/destroy.js:64:8)\n    at _combinedTickCallback (internal/process/next_tick.js:138:11)\n    at process._tickCallback (internal/process/next_tick.js:180:9)","parent":{"code":"ENOTFOUND","errno":"ENOTFOUND","syscall":"getaddrinfo","hostname":"029fa374-392e-4920-8be6-a53900bb8926.mysql.sequelizer.com","host":"029fa374-392e-4920-8be6-a53900bb8926.mysql.sequelizer.com","port":3306,"fatal":true},"original":{"code":"ENOTFOUND","errno":"ENOTFOUND","syscall":"getaddrinfo","hostname":"029fa374-392e-4920-8be6-a53900bb8926.mysql.sequelizer.com","host":"029fa374-392e-4920-8be6-a53900bb8926.mysql.sequelizer.com","port":3306,"fatal":true},"level":"error","timestamp":"20:22:21"}
{"level":"info","message":"GET /statistika","timestamp":"20:22:21"}
{"message":"getaddrinfo ENOTFOUND 029fa374-392e-4920-8be6-a53900bb8926.mysql.sequelizer.com 029fa374-392e-4920-8be6-a53900bb8926.mysql.sequelizer.com:3306","name":"SequelizeHostNotFoundError","stack":"SequelizeHostNotFoundError: getaddrinfo ENOTFOUND 029fa374-392e-4920-8be6-a53900bb8926.mysql.sequelizer.com 029fa374-392e-4920-8be6-a53900bb8926.mysql.sequelizer.com:3306\n    at Handshake._callback (F:\\My projects\\smapp\\smapp-api\\node_modules\\sequelize\\lib\\dialects\\mysql\\connection-manager.js:86:20)\n    at Handshake.Sequence.end (F:\\My projects\\smapp\\smapp-api\\node_modules\\mysql\\lib\\protocol\\sequences\\Sequence.js:88:24)\n    at Protocol.handleNetworkError (F:\\My projects\\smapp\\smapp-api\\node_modules\\mysql\\lib\\protocol\\Protocol.js:363:14)\n    at Connection._handleNetworkError (F:\\My projects\\smapp\\smapp-api\\node_modules\\mysql\\lib\\Connection.js:428:18)\n    at emitOne (events.js:116:13)\n    at Socket.emit (events.js:211:7)\n    at emitErrorNT (internal/streams/destroy.js:64:8)\n    at _combinedTickCallback (internal/process/next_tick.js:138:11)\n    at process._tickCallback (internal/process/next_tick.js:180:9)","parent":{"code":"ENOTFOUND","errno":"ENOTFOUND","syscall":"getaddrinfo","hostname":"029fa374-392e-4920-8be6-a53900bb8926.mysql.sequelizer.com","host":"029fa374-392e-4920-8be6-a53900bb8926.mysql.sequelizer.com","port":3306,"fatal":true},"original":{"code":"ENOTFOUND","errno":"ENOTFOUND","syscall":"getaddrinfo","hostname":"029fa374-392e-4920-8be6-a53900bb8926.mysql.sequelizer.com","host":"029fa374-392e-4920-8be6-a53900bb8926.mysql.sequelizer.com","port":3306,"fatal":true},"level":"error","timestamp":"20:22:21"}
{"level":"info","message":"GET /artikli","timestamp":"20:22:22"}
{"message":"getaddrinfo ENOTFOUND 029fa374-392e-4920-8be6-a53900bb8926.mysql.sequelizer.com 029fa374-392e-4920-8be6-a53900bb8926.mysql.sequelizer.com:3306","name":"SequelizeHostNotFoundError","stack":"SequelizeHostNotFoundError: getaddrinfo ENOTFOUND 029fa374-392e-4920-8be6-a53900bb8926.mysql.sequelizer.com 029fa374-392e-4920-8be6-a53900bb8926.mysql.sequelizer.com:3306\n    at Handshake._callback (F:\\My projects\\smapp\\smapp-api\\node_modules\\sequelize\\lib\\dialects\\mysql\\connection-manager.js:86:20)\n    at Handshake.Sequence.end (F:\\My projects\\smapp\\smapp-api\\node_modules\\mysql\\lib\\protocol\\sequences\\Sequence.js:88:24)\n    at Protocol.handleNetworkError (F:\\My projects\\smapp\\smapp-api\\node_modules\\mysql\\lib\\protocol\\Protocol.js:363:14)\n    at Connection._handleNetworkError (F:\\My projects\\smapp\\smapp-api\\node_modules\\mysql\\lib\\Connection.js:428:18)\n    at emitOne (events.js:116:13)\n    at Socket.emit (events.js:211:7)\n    at emitErrorNT (internal/streams/destroy.js:64:8)\n    at _combinedTickCallback (internal/process/next_tick.js:138:11)\n    at process._tickCallback (internal/process/next_tick.js:180:9)","parent":{"code":"ENOTFOUND","errno":"ENOTFOUND","syscall":"getaddrinfo","hostname":"029fa374-392e-4920-8be6-a53900bb8926.mysql.sequelizer.com","host":"029fa374-392e-4920-8be6-a53900bb8926.mysql.sequelizer.com","port":3306,"fatal":true},"original":{"code":"ENOTFOUND","errno":"ENOTFOUND","syscall":"getaddrinfo","hostname":"029fa374-392e-4920-8be6-a53900bb8926.mysql.sequelizer.com","host":"029fa374-392e-4920-8be6-a53900bb8926.mysql.sequelizer.com","port":3306,"fatal":true},"level":"error","timestamp":"20:22:22"}
{"level":"info","message":"GET /statistika","timestamp":"20:22:22"}
{"level":"info","message":"GET /lastActivity/1/5","timestamp":"20:22:22"}
{"level":"info","message":"CZOO - Node app is running on port 8081  | MODE:  development","timestamp":"22:19:35"}
{"level":"info","message":"GET /artikli","timestamp":"22:29:51"}
{"level":"info","message":"GET /statistika","timestamp":"22:29:54"}
{"level":"info","message":"GET /lastActivity/1/5","timestamp":"22:29:54"}
{"level":"info","message":"GET /artikli","timestamp":"22:29:54"}
{"level":"info","message":"GET /artikli","timestamp":"22:29:54"}
{"level":"info","message":"GET /statistika","timestamp":"22:29:55"}
{"level":"info","message":"GET /artikli","timestamp":"22:30:40"}
{"level":"info","message":"GET /statistika","timestamp":"22:30:41"}
{"level":"info","message":"GET /artikli","timestamp":"22:30:41"}
{"level":"info","message":"GET /lastActivity/1/5","timestamp":"22:30:41"}
{"level":"info","message":"GET /artikli","timestamp":"22:30:41"}
{"level":"info","message":"GET /artikli","timestamp":"22:30:41"}
{"message":"ER_PARSE_ERROR: You have an error in your SQL syntax; check the manual that corresponds to your MySQL server version for the right syntax to use near '-100, 100' at line 1","name":"SequelizeDatabaseError","stack":"SequelizeDatabaseError: ER_PARSE_ERROR: You have an error in your SQL syntax; check the manual that corresponds to your MySQL server version for the right syntax to use near '-100, 100' at line 1\n    at Query.formatError (F:\\My projects\\smapp\\smapp-api\\node_modules\\sequelize\\lib\\dialects\\mysql\\query.js:175:14)\n    at Query._callback (F:\\My projects\\smapp\\smapp-api\\node_modules\\sequelize\\lib\\dialects\\mysql\\query.js:49:21)\n    at Query.Sequence.end (F:\\My projects\\smapp\\smapp-api\\node_modules\\mysql\\lib\\protocol\\sequences\\Sequence.js:88:24)\n    at Query.ErrorPacket (F:\\My projects\\smapp\\smapp-api\\node_modules\\mysql\\lib\\protocol\\sequences\\Query.js:90:8)\n    at Protocol._parsePacket (F:\\My projects\\smapp\\smapp-api\\node_modules\\mysql\\lib\\protocol\\Protocol.js:279:23)\n    at Parser.write (F:\\My projects\\smapp\\smapp-api\\node_modules\\mysql\\lib\\protocol\\Parser.js:76:12)\n    at Protocol.write (F:\\My projects\\smapp\\smapp-api\\node_modules\\mysql\\lib\\protocol\\Protocol.js:39:16)\n    at Socket.<anonymous> (F:\\My projects\\smapp\\smapp-api\\node_modules\\mysql\\lib\\Connection.js:103:28)\n    at emitOne (events.js:116:13)\n    at Socket.emit (events.js:211:7)\n    at addChunk (_stream_readable.js:263:12)\n    at readableAddChunk (_stream_readable.js:250:11)\n    at Socket.Readable.push (_stream_readable.js:208:10)\n    at TCP.onread (net.js:594:20)","parent":{"code":"ER_PARSE_ERROR","errno":1064,"sqlMessage":"You have an error in your SQL syntax; check the manual that corresponds to your MySQL server version for the right syntax to use near '-100, 100' at line 1","sqlState":"42000","index":0,"sql":"SELECT `idprodaja`, `imeprezime`, `datum`, `tip`, `kolicina`, `cijena`, `status`, `nacinpotraznje`, `nacinslanja`, `prodavac`, `info`, `track_num`, `datumizmjene` FROM `prodaja` AS `Artikal` WHERE `Artikal`.`status` = NULL AND `Artikal`.`imeprezime` LIKE '%' ORDER BY `Artikal`.`datumizmjene` DESC LIMIT -100, 100;"},"original":{"code":"ER_PARSE_ERROR","errno":1064,"sqlMessage":"You have an error in your SQL syntax; check the manual that corresponds to your MySQL server version for the right syntax to use near '-100, 100' at line 1","sqlState":"42000","index":0,"sql":"SELECT `idprodaja`, `imeprezime`, `datum`, `tip`, `kolicina`, `cijena`, `status`, `nacinpotraznje`, `nacinslanja`, `prodavac`, `info`, `track_num`, `datumizmjene` FROM `prodaja` AS `Artikal` WHERE `Artikal`.`status` = NULL AND `Artikal`.`imeprezime` LIKE '%' ORDER BY `Artikal`.`datumizmjene` DESC LIMIT -100, 100;"},"sql":"SELECT `idprodaja`, `imeprezime`, `datum`, `tip`, `kolicina`, `cijena`, `status`, `nacinpotraznje`, `nacinslanja`, `prodavac`, `info`, `track_num`, `datumizmjene` FROM `prodaja` AS `Artikal` WHERE `Artikal`.`status` = NULL AND `Artikal`.`imeprezime` LIKE '%' ORDER BY `Artikal`.`datumizmjene` DESC LIMIT -100, 100;","level":"error","timestamp":"22:30:41"}
{"level":"info","message":"GET /lastActivity/1/5","timestamp":"22:30:41"}
{"level":"info","message":"GET /artikli","timestamp":"22:30:41"}
{"message":"ER_PARSE_ERROR: You have an error in your SQL syntax; check the manual that corresponds to your MySQL server version for the right syntax to use near '-100, 100' at line 1","name":"SequelizeDatabaseError","stack":"SequelizeDatabaseError: ER_PARSE_ERROR: You have an error in your SQL syntax; check the manual that corresponds to your MySQL server version for the right syntax to use near '-100, 100' at line 1\n    at Query.formatError (F:\\My projects\\smapp\\smapp-api\\node_modules\\sequelize\\lib\\dialects\\mysql\\query.js:175:14)\n    at Query._callback (F:\\My projects\\smapp\\smapp-api\\node_modules\\sequelize\\lib\\dialects\\mysql\\query.js:49:21)\n    at Query.Sequence.end (F:\\My projects\\smapp\\smapp-api\\node_modules\\mysql\\lib\\protocol\\sequences\\Sequence.js:88:24)\n    at Query.ErrorPacket (F:\\My projects\\smapp\\smapp-api\\node_modules\\mysql\\lib\\protocol\\sequences\\Query.js:90:8)\n    at Protocol._parsePacket (F:\\My projects\\smapp\\smapp-api\\node_modules\\mysql\\lib\\protocol\\Protocol.js:279:23)\n    at Parser.write (F:\\My projects\\smapp\\smapp-api\\node_modules\\mysql\\lib\\protocol\\Parser.js:76:12)\n    at Protocol.write (F:\\My projects\\smapp\\smapp-api\\node_modules\\mysql\\lib\\protocol\\Protocol.js:39:16)\n    at Socket.<anonymous> (F:\\My projects\\smapp\\smapp-api\\node_modules\\mysql\\lib\\Connection.js:103:28)\n    at emitOne (events.js:116:13)\n    at Socket.emit (events.js:211:7)\n    at addChunk (_stream_readable.js:263:12)\n    at readableAddChunk (_stream_readable.js:250:11)\n    at Socket.Readable.push (_stream_readable.js:208:10)\n    at TCP.onread (net.js:594:20)","parent":{"code":"ER_PARSE_ERROR","errno":1064,"sqlMessage":"You have an error in your SQL syntax; check the manual that corresponds to your MySQL server version for the right syntax to use near '-100, 100' at line 1","sqlState":"42000","index":0,"sql":"SELECT `idprodaja`, `imeprezime`, `datum`, `tip`, `kolicina`, `cijena`, `status`, `nacinpotraznje`, `nacinslanja`, `prodavac`, `info`, `track_num`, `datumizmjene` FROM `prodaja` AS `Artikal` WHERE `Artikal`.`status` = NULL AND `Artikal`.`imeprezime` LIKE '%' ORDER BY `Artikal`.`datumizmjene` DESC LIMIT -100, 100;"},"original":{"code":"ER_PARSE_ERROR","errno":1064,"sqlMessage":"You have an error in your SQL syntax; check the manual that corresponds to your MySQL server version for the right syntax to use near '-100, 100' at line 1","sqlState":"42000","index":0,"sql":"SELECT `idprodaja`, `imeprezime`, `datum`, `tip`, `kolicina`, `cijena`, `status`, `nacinpotraznje`, `nacinslanja`, `prodavac`, `info`, `track_num`, `datumizmjene` FROM `prodaja` AS `Artikal` WHERE `Artikal`.`status` = NULL AND `Artikal`.`imeprezime` LIKE '%' ORDER BY `Artikal`.`datumizmjene` DESC LIMIT -100, 100;"},"sql":"SELECT `idprodaja`, `imeprezime`, `datum`, `tip`, `kolicina`, `cijena`, `status`, `nacinpotraznje`, `nacinslanja`, `prodavac`, `info`, `track_num`, `datumizmjene` FROM `prodaja` AS `Artikal` WHERE `Artikal`.`status` = NULL AND `Artikal`.`imeprezime` LIKE '%' ORDER BY `Artikal`.`datumizmjene` DESC LIMIT -100, 100;","level":"error","timestamp":"22:30:41"}
{"level":"info","message":"GET /statistika","timestamp":"22:30:42"}
{"level":"info","message":"GET /statistika","timestamp":"22:30:43"}
{"level":"info","message":"GET /artikli","timestamp":"22:31:24"}
{"level":"info","message":"GET /artikli","timestamp":"22:31:24"}
{"level":"info","message":"GET /statistika","timestamp":"22:31:24"}
{"level":"info","message":"GET /lastActivity/1/5","timestamp":"22:31:24"}
{"level":"info","message":"GET /artikli","timestamp":"22:31:24"}
{"level":"info","message":"GET /artikli","timestamp":"22:31:25"}
{"message":"ER_PARSE_ERROR: You have an error in your SQL syntax; check the manual that corresponds to your MySQL server version for the right syntax to use near '-100, 100' at line 1","name":"SequelizeDatabaseError","stack":"SequelizeDatabaseError: ER_PARSE_ERROR: You have an error in your SQL syntax; check the manual that corresponds to your MySQL server version for the right syntax to use near '-100, 100' at line 1\n    at Query.formatError (F:\\My projects\\smapp\\smapp-api\\node_modules\\sequelize\\lib\\dialects\\mysql\\query.js:175:14)\n    at Query._callback (F:\\My projects\\smapp\\smapp-api\\node_modules\\sequelize\\lib\\dialects\\mysql\\query.js:49:21)\n    at Query.Sequence.end (F:\\My projects\\smapp\\smapp-api\\node_modules\\mysql\\lib\\protocol\\sequences\\Sequence.js:88:24)\n    at Query.ErrorPacket (F:\\My projects\\smapp\\smapp-api\\node_modules\\mysql\\lib\\protocol\\sequences\\Query.js:90:8)\n    at Protocol._parsePacket (F:\\My projects\\smapp\\smapp-api\\node_modules\\mysql\\lib\\protocol\\Protocol.js:279:23)\n    at Parser.write (F:\\My projects\\smapp\\smapp-api\\node_modules\\mysql\\lib\\protocol\\Parser.js:76:12)\n    at Protocol.write (F:\\My projects\\smapp\\smapp-api\\node_modules\\mysql\\lib\\protocol\\Protocol.js:39:16)\n    at Socket.<anonymous> (F:\\My projects\\smapp\\smapp-api\\node_modules\\mysql\\lib\\Connection.js:103:28)\n    at emitOne (events.js:116:13)\n    at Socket.emit (events.js:211:7)\n    at addChunk (_stream_readable.js:263:12)\n    at readableAddChunk (_stream_readable.js:250:11)\n    at Socket.Readable.push (_stream_readable.js:208:10)\n    at TCP.onread (net.js:594:20)","parent":{"code":"ER_PARSE_ERROR","errno":1064,"sqlMessage":"You have an error in your SQL syntax; check the manual that corresponds to your MySQL server version for the right syntax to use near '-100, 100' at line 1","sqlState":"42000","index":0,"sql":"SELECT `idprodaja`, `imeprezime`, `datum`, `tip`, `kolicina`, `cijena`, `status`, `nacinpotraznje`, `nacinslanja`, `prodavac`, `info`, `track_num`, `datumizmjene` FROM `prodaja` AS `Artikal` WHERE `Artikal`.`status` = NULL AND `Artikal`.`imeprezime` LIKE '%' ORDER BY `Artikal`.`datumizmjene` DESC LIMIT -100, 100;"},"original":{"code":"ER_PARSE_ERROR","errno":1064,"sqlMessage":"You have an error in your SQL syntax; check the manual that corresponds to your MySQL server version for the right syntax to use near '-100, 100' at line 1","sqlState":"42000","index":0,"sql":"SELECT `idprodaja`, `imeprezime`, `datum`, `tip`, `kolicina`, `cijena`, `status`, `nacinpotraznje`, `nacinslanja`, `prodavac`, `info`, `track_num`, `datumizmjene` FROM `prodaja` AS `Artikal` WHERE `Artikal`.`status` = NULL AND `Artikal`.`imeprezime` LIKE '%' ORDER BY `Artikal`.`datumizmjene` DESC LIMIT -100, 100;"},"sql":"SELECT `idprodaja`, `imeprezime`, `datum`, `tip`, `kolicina`, `cijena`, `status`, `nacinpotraznje`, `nacinslanja`, `prodavac`, `info`, `track_num`, `datumizmjene` FROM `prodaja` AS `Artikal` WHERE `Artikal`.`status` = NULL AND `Artikal`.`imeprezime` LIKE '%' ORDER BY `Artikal`.`datumizmjene` DESC LIMIT -100, 100;","level":"error","timestamp":"22:31:25"}
{"level":"info","message":"GET /artikli","timestamp":"22:31:25"}
{"level":"info","message":"GET /lastActivity/1/5","timestamp":"22:31:25"}
{"message":"ER_PARSE_ERROR: You have an error in your SQL syntax; check the manual that corresponds to your MySQL server version for the right syntax to use near '-100, 100' at line 1","name":"SequelizeDatabaseError","stack":"SequelizeDatabaseError: ER_PARSE_ERROR: You have an error in your SQL syntax; check the manual that corresponds to your MySQL server version for the right syntax to use near '-100, 100' at line 1\n    at Query.formatError (F:\\My projects\\smapp\\smapp-api\\node_modules\\sequelize\\lib\\dialects\\mysql\\query.js:175:14)\n    at Query._callback (F:\\My projects\\smapp\\smapp-api\\node_modules\\sequelize\\lib\\dialects\\mysql\\query.js:49:21)\n    at Query.Sequence.end (F:\\My projects\\smapp\\smapp-api\\node_modules\\mysql\\lib\\protocol\\sequences\\Sequence.js:88:24)\n    at Query.ErrorPacket (F:\\My projects\\smapp\\smapp-api\\node_modules\\mysql\\lib\\protocol\\sequences\\Query.js:90:8)\n    at Protocol._parsePacket (F:\\My projects\\smapp\\smapp-api\\node_modules\\mysql\\lib\\protocol\\Protocol.js:279:23)\n    at Parser.write (F:\\My projects\\smapp\\smapp-api\\node_modules\\mysql\\lib\\protocol\\Parser.js:76:12)\n    at Protocol.write (F:\\My projects\\smapp\\smapp-api\\node_modules\\mysql\\lib\\protocol\\Protocol.js:39:16)\n    at Socket.<anonymous> (F:\\My projects\\smapp\\smapp-api\\node_modules\\mysql\\lib\\Connection.js:103:28)\n    at emitOne (events.js:116:13)\n    at Socket.emit (events.js:211:7)\n    at addChunk (_stream_readable.js:263:12)\n    at readableAddChunk (_stream_readable.js:250:11)\n    at Socket.Readable.push (_stream_readable.js:208:10)\n    at TCP.onread (net.js:594:20)","parent":{"code":"ER_PARSE_ERROR","errno":1064,"sqlMessage":"You have an error in your SQL syntax; check the manual that corresponds to your MySQL server version for the right syntax to use near '-100, 100' at line 1","sqlState":"42000","index":0,"sql":"SELECT `idprodaja`, `imeprezime`, `datum`, `tip`, `kolicina`, `cijena`, `status`, `nacinpotraznje`, `nacinslanja`, `prodavac`, `info`, `track_num`, `datumizmjene` FROM `prodaja` AS `Artikal` WHERE `Artikal`.`status` = NULL AND `Artikal`.`imeprezime` LIKE '%' ORDER BY `Artikal`.`datumizmjene` DESC LIMIT -100, 100;"},"original":{"code":"ER_PARSE_ERROR","errno":1064,"sqlMessage":"You have an error in your SQL syntax; check the manual that corresponds to your MySQL server version for the right syntax to use near '-100, 100' at line 1","sqlState":"42000","index":0,"sql":"SELECT `idprodaja`, `imeprezime`, `datum`, `tip`, `kolicina`, `cijena`, `status`, `nacinpotraznje`, `nacinslanja`, `prodavac`, `info`, `track_num`, `datumizmjene` FROM `prodaja` AS `Artikal` WHERE `Artikal`.`status` = NULL AND `Artikal`.`imeprezime` LIKE '%' ORDER BY `Artikal`.`datumizmjene` DESC LIMIT -100, 100;"},"sql":"SELECT `idprodaja`, `imeprezime`, `datum`, `tip`, `kolicina`, `cijena`, `status`, `nacinpotraznje`, `nacinslanja`, `prodavac`, `info`, `track_num`, `datumizmjene` FROM `prodaja` AS `Artikal` WHERE `Artikal`.`status` = NULL AND `Artikal`.`imeprezime` LIKE '%' ORDER BY `Artikal`.`datumizmjene` DESC LIMIT -100, 100;","level":"error","timestamp":"22:31:25"}
{"level":"info","message":"GET /statistika","timestamp":"22:31:26"}
{"level":"info","message":"GET /statistika","timestamp":"22:31:27"}
{"level":"info","message":"GET /artikli","timestamp":"22:34:38"}
{"level":"info","message":"GET /artikli","timestamp":"22:34:38"}
{"level":"info","message":"GET /lastActivity/1/5","timestamp":"22:34:38"}
{"level":"info","message":"GET /statistika","timestamp":"22:34:38"}
{"level":"info","message":"GET /artikli","timestamp":"22:34:38"}
{"level":"info","message":"GET /artikli","timestamp":"22:34:39"}
{"level":"info","message":"GET /lastActivity/1/5","timestamp":"22:34:39"}
{"level":"info","message":"GET /artikli","timestamp":"22:34:39"}
{"level":"info","message":"GET /statistika","timestamp":"22:34:40"}
{"level":"info","message":"GET /statistika","timestamp":"22:34:41"}
{"level":"info","message":"GET /artikli","timestamp":"22:52:04"}
{"level":"info","message":"GET /statistika","timestamp":"22:52:05"}
{"level":"info","message":"GET /artikli","timestamp":"22:52:05"}
{"level":"info","message":"GET /lastActivity/1/5","timestamp":"22:52:05"}
{"level":"info","message":"GET /artikli","timestamp":"22:52:05"}
{"level":"info","message":"GET /statistika","timestamp":"22:52:06"}
{"level":"info","message":"GET /artikli","timestamp":"22:52:36"}
{"level":"info","message":"GET /statistika","timestamp":"22:52:36"}
{"level":"info","message":"GET /statistika","timestamp":"22:52:39"}
{"level":"info","message":"GET /lastActivity/1/5","timestamp":"22:52:39"}
{"level":"info","message":"GET /artikli","timestamp":"22:52:39"}
{"level":"info","message":"GET /artikli","timestamp":"22:52:39"}
{"level":"info","message":"GET /artikli","timestamp":"22:52:39"}
{"level":"info","message":"GET /lastActivity/1/5","timestamp":"22:52:39"}
{"level":"info","message":"GET /artikli","timestamp":"22:52:39"}
{"level":"info","message":"GET /statistika","timestamp":"22:52:40"}
{"level":"info","message":"GET /statistika","timestamp":"22:52:42"}
{"level":"info","message":"GET /artikli","timestamp":"22:54:19"}
{"level":"info","message":"GET /statistika","timestamp":"22:54:20"}
{"level":"info","message":"GET /artikli","timestamp":"22:54:20"}
{"level":"info","message":"GET /lastActivity/1/5","timestamp":"22:54:20"}
{"level":"info","message":"GET /artikli","timestamp":"22:54:20"}
{"level":"info","message":"GET /artikli","timestamp":"22:54:20"}
{"level":"info","message":"GET /artikli","timestamp":"22:54:20"}
{"level":"info","message":"GET /lastActivity/1/5","timestamp":"22:54:20"}
{"level":"info","message":"GET /statistika","timestamp":"22:54:21"}
{"level":"info","message":"GET /statistika","timestamp":"22:54:22"}
{"level":"info","message":"GET /statistika","timestamp":"22:54:23"}
{"level":"info","message":"GET /artikli","timestamp":"22:55:49"}
{"level":"info","message":"GET /artikli","timestamp":"22:55:49"}
{"level":"info","message":"GET /lastActivity/1/5","timestamp":"22:55:49"}
{"level":"info","message":"GET /statistika","timestamp":"22:55:49"}
{"level":"info","message":"GET /artikli","timestamp":"22:55:49"}
{"level":"info","message":"GET /artikli","timestamp":"22:55:50"}
{"level":"info","message":"GET /artikli","timestamp":"22:55:50"}
{"level":"info","message":"GET /lastActivity/1/5","timestamp":"22:55:50"}
{"level":"info","message":"GET /statistika","timestamp":"22:55:51"}
{"level":"info","message":"GET /statistika","timestamp":"22:55:52"}
{"level":"info","message":"GET /statistika","timestamp":"22:55:57"}
{"level":"info","message":"GET /artikli","timestamp":"22:56:29"}
{"level":"info","message":"GET /statistika","timestamp":"22:56:29"}
{"level":"info","message":"GET /artikli","timestamp":"22:57:07"}
{"level":"info","message":"GET /statistika","timestamp":"22:57:08"}
{"level":"info","message":"GET /artikli","timestamp":"22:57:08"}
{"level":"info","message":"GET /artikli","timestamp":"22:57:08"}
{"level":"info","message":"GET /lastActivity/1/5","timestamp":"22:57:08"}
{"level":"info","message":"GET /statistika","timestamp":"22:57:09"}
{"level":"info","message":"GET /statistika","timestamp":"22:57:12"}
{"level":"info","message":"GET /artikli","timestamp":"22:57:24"}
{"level":"info","message":"GET /statistika","timestamp":"22:57:25"}
{"level":"info","message":"GET /artikli","timestamp":"22:57:25"}
{"level":"info","message":"GET /lastActivity/1/5","timestamp":"22:57:25"}
{"level":"info","message":"GET /artikli","timestamp":"22:57:25"}
{"level":"info","message":"GET /artikli","timestamp":"22:57:26"}
{"level":"info","message":"GET /artikli","timestamp":"22:57:26"}
{"level":"info","message":"GET /lastActivity/1/5","timestamp":"22:57:26"}
{"level":"info","message":"GET /statistika","timestamp":"22:57:26"}
{"level":"info","message":"GET /statistika","timestamp":"22:57:27"}
{"level":"info","message":"GET /artikli","timestamp":"22:58:17"}
{"level":"info","message":"GET /artikli","timestamp":"22:58:17"}
{"level":"info","message":"GET /statistika","timestamp":"22:58:17"}
{"level":"info","message":"GET /lastActivity/1/5","timestamp":"22:58:17"}
{"level":"info","message":"GET /artikli","timestamp":"22:58:17"}
{"level":"info","message":"GET /artikli","timestamp":"22:58:18"}
{"level":"info","message":"GET /artikli","timestamp":"22:58:18"}
{"level":"info","message":"GET /lastActivity/1/5","timestamp":"22:58:18"}
{"level":"info","message":"GET /statistika","timestamp":"22:58:19"}
{"level":"info","message":"GET /statistika","timestamp":"22:58:19"}
{"level":"info","message":"GET /artikli","timestamp":"22:59:02"}
{"level":"info","message":"GET /artikli","timestamp":"22:59:02"}
{"level":"info","message":"GET /lastActivity/1/5","timestamp":"22:59:02"}
{"level":"info","message":"GET /statistika","timestamp":"22:59:02"}
{"level":"info","message":"GET /artikli","timestamp":"22:59:02"}
{"level":"info","message":"GET /artikli","timestamp":"22:59:03"}
{"level":"info","message":"GET /lastActivity/1/5","timestamp":"22:59:03"}
{"level":"info","message":"GET /artikli","timestamp":"22:59:03"}
{"level":"info","message":"GET /statistika","timestamp":"22:59:04"}
{"level":"info","message":"GET /statistika","timestamp":"22:59:04"}
{"level":"info","message":"GET /artikli","timestamp":"22:59:35"}
{"level":"info","message":"GET /artikli","timestamp":"22:59:36"}
{"level":"info","message":"GET /statistika","timestamp":"22:59:36"}
{"level":"info","message":"GET /lastActivity/1/5","timestamp":"22:59:36"}
{"level":"info","message":"GET /artikli","timestamp":"22:59:36"}
{"level":"info","message":"GET /artikli","timestamp":"22:59:36"}
{"level":"info","message":"GET /artikli","timestamp":"22:59:36"}
{"level":"info","message":"GET /lastActivity/1/5","timestamp":"22:59:36"}
{"level":"info","message":"GET /statistika","timestamp":"22:59:37"}
{"level":"info","message":"GET /statistika","timestamp":"22:59:39"}
{"level":"info","message":"GET /artikli","timestamp":"23:00:00"}
{"level":"info","message":"GET /statistika","timestamp":"23:00:00"}
{"level":"info","message":"GET /artikli","timestamp":"23:00:00"}
{"level":"info","message":"GET /lastActivity/1/5","timestamp":"23:00:00"}
{"level":"info","message":"GET /artikli","timestamp":"23:00:00"}
{"level":"info","message":"GET /artikli","timestamp":"23:00:01"}
{"level":"info","message":"GET /artikli","timestamp":"23:00:01"}
{"level":"info","message":"GET /lastActivity/1/5","timestamp":"23:00:01"}
{"level":"info","message":"GET /statistika","timestamp":"23:00:01"}
{"level":"info","message":"GET /statistika","timestamp":"23:00:02"}
{"level":"info","message":"GET /lastActivity/2/5","timestamp":"23:00:11"}
{"level":"info","message":"GET /statistika","timestamp":"23:00:12"}
{"level":"info","message":"GET /statistika","timestamp":"23:00:22"}
{"level":"info","message":"GET /korisnici","timestamp":"23:00:31"}
{"level":"info","message":"GET /artikli","timestamp":"23:00:31"}
{"level":"info","message":"GET /statistika","timestamp":"23:00:31"}
{"level":"info","message":"GET /lastActivity/1/5","timestamp":"23:00:31"}
{"level":"info","message":"GET /artikli","timestamp":"23:00:31"}
{"level":"info","message":"GET /statistika","timestamp":"23:00:33"}
{"level":"info","message":"CZOO - Node app is running on port 8081  | MODE:  development","timestamp":"20:17:10"}
{"level":"info","message":"GET /artikli","timestamp":"20:17:19"}
{"level":"info","message":"GET /artikli","timestamp":"20:17:19"}
{"level":"info","message":"GET /statistika","timestamp":"20:17:19"}
{"level":"info","message":"GET /artikli","timestamp":"20:17:19"}
{"level":"info","message":"GET /lastActivity/1/5","timestamp":"20:17:19"}
{"level":"info","message":"GET /artikli","timestamp":"20:17:22"}
{"level":"info","message":"GET /lastActivity/1/5","timestamp":"20:17:22"}
{"level":"info","message":"GET /artikli","timestamp":"20:17:22"}
{"level":"info","message":"GET /statistika","timestamp":"20:17:22"}
{"level":"info","message":"GET /statistika","timestamp":"20:17:23"}
{"level":"info","message":"GET /lastActivity/2/5","timestamp":"20:17:24"}
{"level":"info","message":"POST /artikli","timestamp":"20:17:40"}
{"level":"info","message":"POST /artikli","timestamp":"20:19:21"}
{"level":"info","message":"CZOO - Node app is running on port 8081  | MODE:  development","timestamp":"20:19:22"}
{"level":"info","message":"POST /artikli","timestamp":"20:19:32"}
{"level":"info","message":"bodyy","timestamp":"20:19:32"}
{"level":"info","message":"CZOO - Node app is running on port 8081  | MODE:  development","timestamp":"20:20:01"}
{"level":"info","message":"POST /artikli","timestamp":"20:20:11"}
{"level":"info","message":"bodyy","timestamp":"20:20:11"}
{"level":"info","message":"CZOO - Node app is running on port 8081  | MODE:  development","timestamp":"20:20:29"}
{"level":"info","message":"POST /artikli","timestamp":"20:20:31"}
{"_readableState":{"objectMode":false,"highWaterMark":16384,"buffer":{"head":null,"tail":null,"length":0},"length":0,"pipes":null,"pipesCount":0,"flowing":null,"ended":false,"endEmitted":false,"reading":false,"sync":true,"needReadable":false,"emittedReadable":false,"readableListening":false,"resumeScheduled":false,"destroyed":false,"defaultEncoding":"utf8","awaitDrain":0,"readingMore":true,"decoder":null,"encoding":null},"readable":true,"domain":null,"_events":{},"_eventsCount":0,"socket":{"connecting":false,"_hadError":false,"_handle":{"reading":true,"owner":{"$ref":"$[\"socket\"]"},"onconnection":null,"writeQueueSize":0,"_consumed":true},"_parent":null,"_host":null,"_readableState":{"objectMode":false,"highWaterMark":16384,"buffer":{"head":null,"tail":null,"length":0},"length":0,"pipes":null,"pipesCount":0,"flowing":true,"ended":false,"endEmitted":false,"reading":true,"sync":false,"needReadable":true,"emittedReadable":false,"readableListening":false,"resumeScheduled":false,"destroyed":false,"defaultEncoding":"utf8","awaitDrain":0,"readingMore":false,"decoder":null,"encoding":null},"readable":true,"domain":null,"_events":{"end":[null,null],"drain":[null,null],"close":[null,null]},"_eventsCount":10,"_writableState":{"objectMode":false,"highWaterMark":16384,"finalCalled":false,"needDrain":false,"ending":false,"ended":false,"finished":false,"destroyed":false,"decodeStrings":false,"defaultEncoding":"utf8","length":0,"writing":false,"corked":0,"sync":true,"bufferProcessing":false,"writecb":null,"writelen":0,"bufferedRequest":null,"lastBufferedRequest":null,"pendingcb":0,"prefinished":false,"errorEmitted":false,"bufferedRequestCount":0,"corkedRequestsFree":{"next":null,"entry":null}},"writable":true,"allowHalfOpen":true,"_bytesDispatched":0,"_sockname":null,"_pendingData":null,"_pendingEncoding":"","server":{"domain":null,"_events":{},"_eventsCount":2,"_connections":1,"_handle":{"reading":false,"owner":{"$ref":"$[\"socket\"][\"server\"]"},"onread":null,"writeQueueSize":0},"_usingSlaves":false,"_slaves":[],"_unref":false,"allowHalfOpen":true,"pauseOnConnect":false,"httpAllowHalfOpen":false,"timeout":120000,"keepAliveTimeout":5000,"_pendingResponseData":0,"maxHeadersCount":null,"_connectionKey":"6::::8081"},"_server":{"$ref":"$[\"socket\"][\"server\"]"},"_idleTimeout":120000,"_idleNext":{"_idleNext":{"$ref":"$[\"socket\"]"},"_idlePrev":{"$ref":"$[\"socket\"]"},"_timer":{"_list":{"$ref":"$[\"socket\"][\"_idleNext\"]"}},"_unrefed":true,"msecs":120000,"nextTick":false},"_idlePrev":{"$ref":"$[\"socket\"][\"_idleNext\"]"},"_idleStart":4133,"_destroyed":false,"parser":{"_headers":[],"_url":"","_consumed":true,"socket":{"$ref":"$[\"socket\"]"},"incoming":{"$ref":"$"},"outgoing":null,"maxHeaderPairs":2000},"_paused":false,"_consuming":true,"_httpMessage":{"domain":null,"_events":{},"_eventsCount":1,"output":[],"outputEncodings":[],"outputCallbacks":[],"outputSize":0,"writable":true,"_last":false,"upgrading":false,"chunkedEncoding":false,"shouldKeepAlive":true,"useChunkedEncodingByDefault":true,"sendDate":true,"_removedConnection":false,"_removedContLen":false,"_removedTE":false,"_contentLength":null,"_hasBody":true,"_trailer":"","finished":false,"_headerSent":false,"socket":{"$ref":"$[\"socket\"]"},"connection":{"$ref":"$[\"socket\"]"},"_header":null,"_sent100":false,"_expect_continue":false,"req":{"$ref":"$"},"locals":{}}},"connection":{"$ref":"$[\"socket\"]"},"httpVersionMajor":1,"httpVersionMinor":1,"httpVersion":"1.1","complete":false,"headers":{"host":"127.0.0.1:8081","connection":"keep-alive","content-length":"240","accept":"application/json, text/plain, */*","origin":"http://localhost:8100","user-agent":"Mozilla/5.0 (Linux; Android 5.0; SM-G900P Build/LRX21T) AppleWebKit/537.36 (KHTML, like Gecko) Chrome/63.0.3239.108 Mobile Safari/537.36","content-type":"text/plain","referer":"http://localhost:8100/","accept-encoding":"gzip, deflate, br","accept-language":"en-GB,en-US;q=0.9,en;q=0.8"},"rawHeaders":["Host","127.0.0.1:8081","Connection","keep-alive","Content-Length","240","Accept","application/json, text/plain, */*","Origin","http://localhost:8100","User-Agent","Mozilla/5.0 (Linux; Android 5.0; SM-G900P Build/LRX21T) AppleWebKit/537.36 (KHTML, like Gecko) Chrome/63.0.3239.108 Mobile Safari/537.36","Content-Type","text/plain","Referer","http://localhost:8100/","Accept-Encoding","gzip, deflate, br","Accept-Language","en-GB,en-US;q=0.9,en;q=0.8"],"trailers":{},"rawTrailers":[],"upgrade":false,"url":"/artikli","method":"POST","statusCode":null,"statusMessage":null,"client":{"$ref":"$[\"socket\"]"},"_consuming":false,"_dumped":false,"baseUrl":"","originalUrl":"/artikli","_parsedUrl":{"protocol":null,"slashes":null,"auth":null,"host":null,"port":null,"hostname":null,"hash":null,"search":null,"query":null,"pathname":"/artikli","path":"/artikli","href":"/artikli","_raw":"/artikli"},"params":{},"query":{},"res":{"$ref":"$[\"socket\"][\"_httpMessage\"]"},"body":{},"route":{"path":"/artikli","stack":[{"name":"<anonymous>","keys":[],"regexp":{"fast_star":false,"fast_slash":false},"method":"post"}],"methods":{"post":true}},"level":"info","message":"bodyy","timestamp":"20:20:31"}
{"level":"info","message":"CZOO - Node app is running on port 8081  | MODE:  development","timestamp":"20:22:26"}
{"level":"info","message":"POST /artikli","timestamp":"20:22:26"}
{"level":"info","message":"bodyy","timestamp":"20:22:26"}
{"level":"info","message":"CZOO - Node app is running on port 8081  | MODE:  development","timestamp":"20:24:16"}
{"level":"info","message":"CZOO - Node app is running on port 8081  | MODE:  development","timestamp":"20:24:35"}
{"level":"info","message":"POST /artikli","timestamp":"20:24:36"}
{"level":"info","message":"bodyy","timestamp":"20:24:36"}
{"level":"info","message":"CZOO - Node app is running on port 8081  | MODE:  development","timestamp":"20:25:38"}
{"level":"info","message":"POST /artikli","timestamp":"20:25:40"}
{"level":"info","message":"bodyy","timestamp":"20:25:40"}
{"level":"info","message":"CZOO - Node app is running on port 8081  | MODE:  development","timestamp":"20:26:43"}
{"level":"info","message":"CZOO - Node app is running on port 8081  | MODE:  development","timestamp":"20:26:49"}
{"level":"info","message":"POST /artikli","timestamp":"20:26:58"}
{"level":"info","message":"bodyy","timestamp":"20:26:58"}
{"level":"info","message":"CZOO - Node app is running on port 8081  | MODE:  development","timestamp":"20:27:44"}
{"level":"info","message":"POST /artikli","timestamp":"20:27:48"}
{"level":"info","message":"bodyy","timestamp":"20:27:48"}
{"level":"info","message":"GET /artikli","timestamp":"20:28:42"}
{"level":"info","message":"GET /statistika","timestamp":"20:28:42"}
{"level":"info","message":"GET /artikli","timestamp":"20:28:42"}
{"level":"info","message":"GET /lastActivity/1/5","timestamp":"20:28:42"}
{"level":"info","message":"GET /artikli","timestamp":"20:28:42"}
{"level":"info","message":"GET /artikli","timestamp":"20:28:43"}
{"level":"info","message":"GET /lastActivity/1/5","timestamp":"20:28:43"}
{"level":"info","message":"GET /artikli","timestamp":"20:28:43"}
{"level":"info","message":"GET /statistika","timestamp":"20:28:44"}
{"level":"info","message":"GET /statistika","timestamp":"20:28:45"}
{"level":"info","message":"POST /artikli","timestamp":"20:28:58"}
{"level":"info","message":"bodyy","timestamp":"20:28:58"}
{"level":"info","message":"POST /artikli","timestamp":"20:30:57"}
{"level":"info","message":"bodyy","timestamp":"20:30:57"}
{"level":"info","message":"CZOO - Node app is running on port 8081  | MODE:  development","timestamp":"20:31:22"}
{"level":"info","message":"POST /artikli","timestamp":"20:31:28"}
{"level":"info","message":"bodyy","timestamp":"20:31:28"}
{"level":"info","message":"CZOO - Node app is running on port 8081  | MODE:  development","timestamp":"20:31:49"}
{"level":"info","message":"POST /artikli","timestamp":"20:31:49"}
{"level":"info","message":"bodyy","timestamp":"20:31:49"}
{"level":"info","message":"CZOO - Node app is running on port 8081  | MODE:  development","timestamp":"20:32:02"}
{"level":"info","message":"POST /artikli","timestamp":"20:32:07"}
{"_readableState":{"objectMode":false,"highWaterMark":16384,"buffer":{"head":null,"tail":null,"length":0},"length":0,"pipes":null,"pipesCount":0,"flowing":null,"ended":false,"endEmitted":false,"reading":false,"sync":true,"needReadable":false,"emittedReadable":false,"readableListening":false,"resumeScheduled":false,"destroyed":false,"defaultEncoding":"utf8","awaitDrain":0,"readingMore":true,"decoder":null,"encoding":null},"readable":true,"domain":null,"_events":{},"_eventsCount":0,"socket":{"connecting":false,"_hadError":false,"_handle":{"reading":true,"owner":{"$ref":"$[\"socket\"]"},"onconnection":null,"writeQueueSize":0,"_consumed":true},"_parent":null,"_host":null,"_readableState":{"objectMode":false,"highWaterMark":16384,"buffer":{"head":null,"tail":null,"length":0},"length":0,"pipes":null,"pipesCount":0,"flowing":true,"ended":false,"endEmitted":false,"reading":true,"sync":false,"needReadable":true,"emittedReadable":false,"readableListening":false,"resumeScheduled":false,"destroyed":false,"defaultEncoding":"utf8","awaitDrain":0,"readingMore":false,"decoder":null,"encoding":null},"readable":true,"domain":null,"_events":{"end":[null,null],"drain":[null,null],"close":[null,null]},"_eventsCount":10,"_writableState":{"objectMode":false,"highWaterMark":16384,"finalCalled":false,"needDrain":false,"ending":false,"ended":false,"finished":false,"destroyed":false,"decodeStrings":false,"defaultEncoding":"utf8","length":0,"writing":false,"corked":0,"sync":true,"bufferProcessing":false,"writecb":null,"writelen":0,"bufferedRequest":null,"lastBufferedRequest":null,"pendingcb":0,"prefinished":false,"errorEmitted":false,"bufferedRequestCount":0,"corkedRequestsFree":{"next":null,"entry":null}},"writable":true,"allowHalfOpen":true,"_bytesDispatched":0,"_sockname":null,"_pendingData":null,"_pendingEncoding":"","server":{"domain":null,"_events":{},"_eventsCount":2,"_connections":1,"_handle":{"reading":false,"owner":{"$ref":"$[\"socket\"][\"server\"]"},"onread":null,"writeQueueSize":0},"_usingSlaves":false,"_slaves":[],"_unref":false,"allowHalfOpen":true,"pauseOnConnect":false,"httpAllowHalfOpen":false,"timeout":120000,"keepAliveTimeout":5000,"_pendingResponseData":0,"maxHeadersCount":null,"_connectionKey":"6::::8081"},"_server":{"$ref":"$[\"socket\"][\"server\"]"},"_idleTimeout":120000,"_idleNext":{"_idleNext":{"$ref":"$[\"socket\"]"},"_idlePrev":{"$ref":"$[\"socket\"]"},"_timer":{"_list":{"$ref":"$[\"socket\"][\"_idleNext\"]"}},"_unrefed":true,"msecs":120000,"nextTick":false},"_idlePrev":{"$ref":"$[\"socket\"][\"_idleNext\"]"},"_idleStart":6895,"_destroyed":false,"parser":{"_headers":[],"_url":"","_consumed":true,"socket":{"$ref":"$[\"socket\"]"},"incoming":{"$ref":"$"},"outgoing":null,"maxHeaderPairs":2000},"_paused":false,"_consuming":true,"_httpMessage":{"domain":null,"_events":{},"_eventsCount":1,"output":[],"outputEncodings":[],"outputCallbacks":[],"outputSize":0,"writable":true,"_last":false,"upgrading":false,"chunkedEncoding":false,"shouldKeepAlive":true,"useChunkedEncodingByDefault":true,"sendDate":true,"_removedConnection":false,"_removedContLen":false,"_removedTE":false,"_contentLength":null,"_hasBody":true,"_trailer":"","finished":false,"_headerSent":false,"socket":{"$ref":"$[\"socket\"]"},"connection":{"$ref":"$[\"socket\"]"},"_header":null,"_sent100":false,"_expect_continue":false,"req":{"$ref":"$"},"locals":{}}},"connection":{"$ref":"$[\"socket\"]"},"httpVersionMajor":1,"httpVersionMinor":1,"httpVersion":"1.1","complete":false,"headers":{"host":"127.0.0.1:8081","connection":"keep-alive","content-length":"240","accept":"application/json, text/plain, */*","origin":"http://localhost:8100","user-agent":"Mozilla/5.0 (Linux; Android 5.0; SM-G900P Build/LRX21T) AppleWebKit/537.36 (KHTML, like Gecko) Chrome/63.0.3239.108 Mobile Safari/537.36","content-type":"text/plain","referer":"http://localhost:8100/","accept-encoding":"gzip, deflate, br","accept-language":"en-GB,en-US;q=0.9,en;q=0.8"},"rawHeaders":["Host","127.0.0.1:8081","Connection","keep-alive","Content-Length","240","Accept","application/json, text/plain, */*","Origin","http://localhost:8100","User-Agent","Mozilla/5.0 (Linux; Android 5.0; SM-G900P Build/LRX21T) AppleWebKit/537.36 (KHTML, like Gecko) Chrome/63.0.3239.108 Mobile Safari/537.36","Content-Type","text/plain","Referer","http://localhost:8100/","Accept-Encoding","gzip, deflate, br","Accept-Language","en-GB,en-US;q=0.9,en;q=0.8"],"trailers":{},"rawTrailers":[],"upgrade":false,"url":"/artikli","method":"POST","statusCode":null,"statusMessage":null,"client":{"$ref":"$[\"socket\"]"},"_consuming":false,"_dumped":false,"baseUrl":"","originalUrl":"/artikli","_parsedUrl":{"protocol":null,"slashes":null,"auth":null,"host":null,"port":null,"hostname":null,"hash":null,"search":null,"query":null,"pathname":"/artikli","path":"/artikli","href":"/artikli","_raw":"/artikli"},"params":{},"query":{},"res":{"$ref":"$[\"socket\"][\"_httpMessage\"]"},"body":{},"route":{"path":"/artikli","stack":[{"name":"<anonymous>","keys":[],"regexp":{"fast_star":false,"fast_slash":false},"method":"post"}],"methods":{"post":true}},"level":"info","message":"bodyy","timestamp":"20:32:07"}
{"level":"info","message":"CZOO - Node app is running on port 8081  | MODE:  development","timestamp":"20:34:26"}
{"level":"info","message":"CZOO - Node app is running on port 8081  | MODE:  development","timestamp":"20:34:34"}
{"level":"info","message":"POST /artikli","timestamp":"20:34:35"}
{"_readableState":{"objectMode":false,"highWaterMark":16384,"buffer":{"head":null,"tail":null,"length":0},"length":0,"pipes":null,"pipesCount":0,"flowing":null,"ended":false,"endEmitted":false,"reading":false,"sync":true,"needReadable":false,"emittedReadable":false,"readableListening":false,"resumeScheduled":false,"destroyed":false,"defaultEncoding":"utf8","awaitDrain":0,"readingMore":true,"decoder":null,"encoding":null},"readable":true,"domain":null,"_events":{},"_eventsCount":0,"socket":{"connecting":false,"_hadError":false,"_handle":{"reading":true,"owner":{"$ref":"$[\"socket\"]"},"onconnection":null,"writeQueueSize":0,"_consumed":true},"_parent":null,"_host":null,"_readableState":{"objectMode":false,"highWaterMark":16384,"buffer":{"head":null,"tail":null,"length":0},"length":0,"pipes":null,"pipesCount":0,"flowing":true,"ended":false,"endEmitted":false,"reading":true,"sync":false,"needReadable":true,"emittedReadable":false,"readableListening":false,"resumeScheduled":false,"destroyed":false,"defaultEncoding":"utf8","awaitDrain":0,"readingMore":false,"decoder":null,"encoding":null},"readable":true,"domain":null,"_events":{"end":[null,null],"drain":[null,null],"close":[null,null]},"_eventsCount":10,"_writableState":{"objectMode":false,"highWaterMark":16384,"finalCalled":false,"needDrain":false,"ending":false,"ended":false,"finished":false,"destroyed":false,"decodeStrings":false,"defaultEncoding":"utf8","length":0,"writing":false,"corked":0,"sync":true,"bufferProcessing":false,"writecb":null,"writelen":0,"bufferedRequest":null,"lastBufferedRequest":null,"pendingcb":0,"prefinished":false,"errorEmitted":false,"bufferedRequestCount":0,"corkedRequestsFree":{"next":null,"entry":null}},"writable":true,"allowHalfOpen":true,"_bytesDispatched":0,"_sockname":null,"_pendingData":null,"_pendingEncoding":"","server":{"domain":null,"_events":{},"_eventsCount":2,"_connections":1,"_handle":{"reading":false,"owner":{"$ref":"$[\"socket\"][\"server\"]"},"onread":null,"writeQueueSize":0},"_usingSlaves":false,"_slaves":[],"_unref":false,"allowHalfOpen":true,"pauseOnConnect":false,"httpAllowHalfOpen":false,"timeout":120000,"keepAliveTimeout":5000,"_pendingResponseData":0,"maxHeadersCount":null,"_connectionKey":"6::::8081"},"_server":{"$ref":"$[\"socket\"][\"server\"]"},"_idleTimeout":120000,"_idleNext":{"_idleNext":{"$ref":"$[\"socket\"]"},"_idlePrev":{"$ref":"$[\"socket\"]"},"_timer":{"_list":{"$ref":"$[\"socket\"][\"_idleNext\"]"}},"_unrefed":true,"msecs":120000,"nextTick":false},"_idlePrev":{"$ref":"$[\"socket\"][\"_idleNext\"]"},"_idleStart":3086,"_destroyed":false,"parser":{"_headers":[],"_url":"","_consumed":true,"socket":{"$ref":"$[\"socket\"]"},"incoming":{"$ref":"$"},"outgoing":null,"maxHeaderPairs":2000},"_paused":false,"_consuming":true,"_httpMessage":{"domain":null,"_events":{},"_eventsCount":1,"output":[],"outputEncodings":[],"outputCallbacks":[],"outputSize":0,"writable":true,"_last":false,"upgrading":false,"chunkedEncoding":false,"shouldKeepAlive":true,"useChunkedEncodingByDefault":true,"sendDate":true,"_removedConnection":false,"_removedContLen":false,"_removedTE":false,"_contentLength":null,"_hasBody":true,"_trailer":"","finished":false,"_headerSent":false,"socket":{"$ref":"$[\"socket\"]"},"connection":{"$ref":"$[\"socket\"]"},"_header":null,"_sent100":false,"_expect_continue":false,"req":{"$ref":"$"},"locals":{}}},"connection":{"$ref":"$[\"socket\"]"},"httpVersionMajor":1,"httpVersionMinor":1,"httpVersion":"1.1","complete":false,"headers":{"host":"127.0.0.1:8081","connection":"keep-alive","content-length":"240","accept":"application/json, text/plain, */*","origin":"http://localhost:8100","user-agent":"Mozilla/5.0 (Linux; Android 5.0; SM-G900P Build/LRX21T) AppleWebKit/537.36 (KHTML, like Gecko) Chrome/63.0.3239.108 Mobile Safari/537.36","content-type":"text/plain","referer":"http://localhost:8100/","accept-encoding":"gzip, deflate, br","accept-language":"en-GB,en-US;q=0.9,en;q=0.8"},"rawHeaders":["Host","127.0.0.1:8081","Connection","keep-alive","Content-Length","240","Accept","application/json, text/plain, */*","Origin","http://localhost:8100","User-Agent","Mozilla/5.0 (Linux; Android 5.0; SM-G900P Build/LRX21T) AppleWebKit/537.36 (KHTML, like Gecko) Chrome/63.0.3239.108 Mobile Safari/537.36","Content-Type","text/plain","Referer","http://localhost:8100/","Accept-Encoding","gzip, deflate, br","Accept-Language","en-GB,en-US;q=0.9,en;q=0.8"],"trailers":{},"rawTrailers":[],"upgrade":false,"url":"/artikli","method":"POST","statusCode":null,"statusMessage":null,"client":{"$ref":"$[\"socket\"]"},"_consuming":false,"_dumped":false,"baseUrl":"","originalUrl":"/artikli","_parsedUrl":{"protocol":null,"slashes":null,"auth":null,"host":null,"port":null,"hostname":null,"hash":null,"search":null,"query":null,"pathname":"/artikli","path":"/artikli","href":"/artikli","_raw":"/artikli"},"params":{},"query":{},"res":{"$ref":"$[\"socket\"][\"_httpMessage\"]"},"body":{},"route":{"path":"/artikli","stack":[{"name":"<anonymous>","keys":[],"regexp":{"fast_star":false,"fast_slash":false},"method":"post"}],"methods":{"post":true}},"level":"info","message":"bodyy","timestamp":"20:34:35"}
{"level":"info","message":"CZOO - Node app is running on port 8081  | MODE:  development","timestamp":"20:34:46"}
{"level":"info","message":"POST /artikli","timestamp":"20:34:48"}
{"level":"info","message":"bodyy","timestamp":"20:34:48"}
{"level":"info","message":"CZOO - Node app is running on port 8081  | MODE:  development","timestamp":"20:37:32"}
{"level":"info","message":"POST /artikli","timestamp":"20:37:37"}
{"level":"info","message":"bodyy","timestamp":"20:37:37"}
{"level":"info","message":"CZOO - Node app is running on port 8081  | MODE:  development","timestamp":"20:38:40"}
{"level":"info","message":"POST /artikli","timestamp":"20:38:44"}
{"level":"info","message":"bodyy","timestamp":"20:38:44"}
{"level":"info","message":"POST /artikli","timestamp":"20:38:59"}
{"level":"info","message":"bodyy","timestamp":"20:38:59"}
{"level":"info","message":"GET /artikli","timestamp":"20:39:47"}
{"level":"info","message":"GET /statistika","timestamp":"20:39:47"}
{"level":"info","message":"GET /artikli","timestamp":"20:39:47"}
{"level":"info","message":"GET /lastActivity/1/5","timestamp":"20:39:47"}
{"level":"info","message":"GET /artikli","timestamp":"20:39:47"}
{"level":"info","message":"GET /artikli","timestamp":"20:39:49"}
{"level":"info","message":"GET /lastActivity/1/5","timestamp":"20:39:49"}
{"level":"info","message":"GET /artikli","timestamp":"20:39:49"}
{"level":"info","message":"GET /statistika","timestamp":"20:39:50"}
{"level":"info","message":"GET /statistika","timestamp":"20:39:50"}
{"level":"info","message":"CZOO - Node app is running on port 8081  | MODE:  development","timestamp":"20:42:27"}
{"level":"info","message":"CZOO - Node app is running on port 8081  | MODE:  development","timestamp":"20:42:30"}
{"level":"info","message":"CZOO - Node app is running on port 8081  | MODE:  development","timestamp":"20:43:36"}
{"level":"info","message":"GET /artikli","timestamp":"20:45:52"}
{"level":"info","message":"GET /artikli","timestamp":"20:45:52"}
{"level":"info","message":"GET /statistika","timestamp":"20:45:52"}
{"level":"info","message":"GET /artikli","timestamp":"20:45:52"}
{"level":"info","message":"GET /lastActivity/1/5","timestamp":"20:45:52"}
{"level":"info","message":"GET /artikli","timestamp":"20:45:54"}
{"level":"info","message":"GET /lastActivity/1/5","timestamp":"20:45:54"}
{"level":"info","message":"GET /artikli","timestamp":"20:45:54"}
{"level":"info","message":"GET /statistika","timestamp":"20:45:55"}
{"level":"info","message":"GET /statistika","timestamp":"20:45:56"}
{"level":"info","message":"CZOO - Node app is running on port 8081  | MODE:  development","timestamp":"20:46:23"}
{"level":"info","message":"CZOO - Node app is running on port 8081  | MODE:  development","timestamp":"20:48:00"}
{"level":"info","message":"POST /artikli","timestamp":"20:48:02"}
{"level":"info","message":"bodyy","timestamp":"20:48:02"}
{"level":"info","message":"CZOO - Node app is running on port 8081  | MODE:  development","timestamp":"20:48:27"}
{"level":"info","message":"POST /artikli","timestamp":"20:48:29"}
{"artikal":{"datum":"2018-01-03","imeprezime":"test","tip":"Trakice","kolicina":5,"cijena":27,"nacinslanja":"BH Posta","nacinpotraznje":"Facebook","prodavac":"Haris","status":"Poslano","info":"","track_num":"","senderId":1},"level":"info","message":"bodyy","timestamp":"20:48:29"}
{"level":"info","message":"Sending push","timestamp":"20:48:31"}
{"level":"info","message":"GET /artikli","timestamp":"20:48:31"}
{"level":"info","message":"GET /statistika","timestamp":"20:48:31"}
{"level":"info","message":"GET /lastActivity/1/5","timestamp":"20:48:31"}
{"level":"info","message":"GET /artikli","timestamp":"20:48:31"}
{"Message":"Push sent to: e1xlAo2queA:APA91bFyJWwT2kI0xz5xYqqj2qktpEmS235pfmRsBpHqFPFpeNeFixb---6jm2gEThCWa2DVuJLRZq5oVGjoEGpofBKr98kMO7Ieen5bkcC43iMuRf8xKFKqBrcjC8YYcqTj__W8Clgy","level":"info","message":"","timestamp":"20:48:31"}
{"level":"info","message":"CZOO - Node app is running on port 8081  | MODE:  development","timestamp":"20:49:48"}
{"level":"info","message":"POST /artikli","timestamp":"20:50:30"}
{"level":"info","message":"Sending push","timestamp":"20:50:32"}
{"level":"info","message":"GET /artikli","timestamp":"20:50:32"}
{"level":"info","message":"GET /lastActivity/1/5","timestamp":"20:50:32"}
{"level":"info","message":"GET /statistika","timestamp":"20:50:32"}
{"level":"info","message":"GET /artikli","timestamp":"20:50:32"}
{"Message":"Push sent to: e1xlAo2queA:APA91bFyJWwT2kI0xz5xYqqj2qktpEmS235pfmRsBpHqFPFpeNeFixb---6jm2gEThCWa2DVuJLRZq5oVGjoEGpofBKr98kMO7Ieen5bkcC43iMuRf8xKFKqBrcjC8YYcqTj__W8Clgy","level":"info","message":"","timestamp":"20:50:33"}
{"level":"info","message":"POST /artikli","timestamp":"20:52:00"}
{"level":"info","message":"Sending push","timestamp":"20:52:01"}
{"level":"info","message":"GET /artikli","timestamp":"20:52:01"}
{"level":"info","message":"GET /artikli","timestamp":"20:52:01"}
{"level":"info","message":"GET /lastActivity/1/5","timestamp":"20:52:01"}
{"level":"info","message":"GET /statistika","timestamp":"20:52:01"}
{"Message":"Push sent to: e1xlAo2queA:APA91bFyJWwT2kI0xz5xYqqj2qktpEmS235pfmRsBpHqFPFpeNeFixb---6jm2gEThCWa2DVuJLRZq5oVGjoEGpofBKr98kMO7Ieen5bkcC43iMuRf8xKFKqBrcjC8YYcqTj__W8Clgy","level":"info","message":"","timestamp":"20:52:01"}
{"level":"info","message":"POST /artikli","timestamp":"20:52:47"}
{"level":"info","message":"Sending push","timestamp":"20:52:48"}
{"level":"info","message":"GET /artikli","timestamp":"20:52:48"}
{"level":"info","message":"GET /lastActivity/1/5","timestamp":"20:52:48"}
{"level":"info","message":"GET /statistika","timestamp":"20:52:48"}
{"level":"info","message":"GET /artikli","timestamp":"20:52:48"}
{"Message":"Push sent to: e1xlAo2queA:APA91bFyJWwT2kI0xz5xYqqj2qktpEmS235pfmRsBpHqFPFpeNeFixb---6jm2gEThCWa2DVuJLRZq5oVGjoEGpofBKr98kMO7Ieen5bkcC43iMuRf8xKFKqBrcjC8YYcqTj__W8Clgy","level":"info","message":"","timestamp":"20:52:49"}
{"level":"info","message":"POST /artikli","timestamp":"20:53:21"}
{"level":"info","message":"Sending push","timestamp":"20:53:21"}
{"level":"info","message":"GET /artikli","timestamp":"20:53:22"}
{"level":"info","message":"GET /statistika","timestamp":"20:53:22"}
{"level":"info","message":"GET /lastActivity/1/5","timestamp":"20:53:22"}
{"level":"info","message":"GET /artikli","timestamp":"20:53:22"}
{"Message":"Push sent to: e1xlAo2queA:APA91bFyJWwT2kI0xz5xYqqj2qktpEmS235pfmRsBpHqFPFpeNeFixb---6jm2gEThCWa2DVuJLRZq5oVGjoEGpofBKr98kMO7Ieen5bkcC43iMuRf8xKFKqBrcjC8YYcqTj__W8Clgy","level":"info","message":"","timestamp":"20:53:22"}
{"level":"info","message":"GET /artikli","timestamp":"20:53:29"}
{"level":"info","message":"GET /statistika","timestamp":"20:53:29"}
{"level":"info","message":"GET /artikli","timestamp":"20:53:29"}
{"level":"info","message":"GET /lastActivity/1/5","timestamp":"20:53:29"}
{"level":"info","message":"GET /statistika","timestamp":"20:53:31"}
{"level":"info","message":"GET /artikli","timestamp":"20:53:34"}
{"level":"info","message":"GET /artikli","timestamp":"20:53:34"}
{"level":"info","message":"GET /artikli/limit/1/10","timestamp":"20:53:34"}
{"level":"info","message":"POST /artikli","timestamp":"20:54:24"}
{"level":"info","message":"Sending push","timestamp":"20:54:25"}
{"level":"info","message":"GET /artikli","timestamp":"20:54:25"}
{"level":"info","message":"GET /artikli/limit/1/10","timestamp":"20:54:25"}
{"level":"info","message":"GET /artikli","timestamp":"20:54:25"}
{"Message":"Push sent to: e1xlAo2queA:APA91bFyJWwT2kI0xz5xYqqj2qktpEmS235pfmRsBpHqFPFpeNeFixb---6jm2gEThCWa2DVuJLRZq5oVGjoEGpofBKr98kMO7Ieen5bkcC43iMuRf8xKFKqBrcjC8YYcqTj__W8Clgy","level":"info","message":"","timestamp":"20:54:25"}
{"level":"info","message":"PUT /artikli/1743","timestamp":"20:54:46"}
{"level":"info","message":"GET /artikli","timestamp":"20:56:32"}
{"level":"info","message":"GET /artikli","timestamp":"20:56:32"}
{"level":"info","message":"GET /artikli/limit/1/10","timestamp":"20:56:32"}
{"level":"info","message":"GET /artikli","timestamp":"20:56:36"}
{"level":"info","message":"GET /statistika","timestamp":"20:56:36"}
{"level":"info","message":"GET /artikli","timestamp":"20:56:36"}
{"level":"info","message":"GET /lastActivity/1/5","timestamp":"20:56:36"}
{"level":"info","message":"GET /artikli","timestamp":"20:56:36"}
{"level":"info","message":"GET /artikli","timestamp":"20:56:37"}
{"level":"info","message":"GET /artikli","timestamp":"20:56:37"}
{"level":"info","message":"GET /lastActivity/1/5","timestamp":"20:56:37"}
{"level":"info","message":"GET /statistika","timestamp":"20:56:37"}
{"level":"info","message":"GET /statistika","timestamp":"20:56:38"}
{"level":"info","message":"GET /statistika","timestamp":"20:56:39"}
{"level":"info","message":"GET /artikli","timestamp":"20:56:40"}
{"level":"info","message":"GET /artikli","timestamp":"20:56:40"}
{"level":"info","message":"GET /artikli/limit/1/10","timestamp":"20:56:40"}
{"level":"info","message":"PUT /artikli/1743","timestamp":"20:56:47"}
{"level":"info","message":"PUT /artikli/1743","timestamp":"20:58:32"}
{"level":"info","message":"PUT /artikli/1743","timestamp":"20:58:33"}
{"level":"info","message":"GET /artikli","timestamp":"20:58:54"}
{"level":"info","message":"GET /artikli","timestamp":"20:58:54"}
{"level":"info","message":"GET /artikli/limit/1/10","timestamp":"20:58:54"}
{"level":"info","message":"GET /artikli","timestamp":"20:59:01"}
{"level":"info","message":"GET /statistika","timestamp":"20:59:01"}
{"level":"info","message":"GET /lastActivity/1/5","timestamp":"20:59:01"}
{"level":"info","message":"GET /artikli","timestamp":"20:59:01"}
{"level":"info","message":"GET /artikli","timestamp":"20:59:01"}
{"level":"info","message":"GET /artikli","timestamp":"20:59:02"}
{"level":"info","message":"GET /lastActivity/1/5","timestamp":"20:59:02"}
{"level":"info","message":"GET /artikli","timestamp":"20:59:02"}
{"level":"info","message":"GET /statistika","timestamp":"20:59:02"}
{"level":"info","message":"GET /statistika","timestamp":"20:59:03"}
{"level":"info","message":"GET /statistika","timestamp":"20:59:04"}
{"level":"info","message":"GET /artikli/limit/1/10","timestamp":"20:59:04"}
{"level":"info","message":"GET /artikli","timestamp":"20:59:04"}
{"level":"info","message":"GET /artikli","timestamp":"20:59:04"}
{"level":"info","message":"PUT /artikli/1743","timestamp":"20:59:11"}
{"level":"info","message":"PUT /artikli/1743","timestamp":"22:01:30"}
{"level":"info","message":"GET /artikli","timestamp":"22:02:38"}
{"level":"info","message":"GET /artikli","timestamp":"22:02:38"}
{"level":"info","message":"GET /lastActivity/1/5","timestamp":"22:02:38"}
{"level":"info","message":"GET /artikli","timestamp":"22:02:38"}
{"level":"info","message":"GET /statistika","timestamp":"22:02:38"}
{"level":"info","message":"GET /artikli","timestamp":"22:02:39"}
{"level":"info","message":"GET /artikli","timestamp":"22:02:39"}
{"level":"info","message":"GET /lastActivity/1/5","timestamp":"22:02:39"}
{"level":"info","message":"GET /statistika","timestamp":"22:02:40"}
{"level":"info","message":"GET /statistika","timestamp":"22:02:41"}
{"level":"info","message":"GET /artikli","timestamp":"22:02:41"}
{"level":"info","message":"GET /artikli/limit/1/10","timestamp":"22:02:41"}
{"level":"info","message":"GET /artikli","timestamp":"22:02:41"}
{"level":"info","message":"GET /statistika","timestamp":"22:02:42"}
{"level":"info","message":"GET /artikli","timestamp":"22:02:53"}
{"level":"info","message":"GET /artikli/limit/1/10","timestamp":"22:02:53"}
{"level":"info","message":"GET /artikli","timestamp":"22:02:53"}
{"level":"info","message":"PUT /artikli/1740","timestamp":"22:02:59"}
{"level":"info","message":"Sending push","timestamp":"22:03:00"}
{"level":"info","message":"GET /artikli/limit/1/10","timestamp":"22:03:00"}
{"level":"info","message":"GET /artikli","timestamp":"22:03:00"}
{"level":"info","message":"GET /artikli","timestamp":"22:03:00"}
{"Message":"Push sent to: e1xlAo2queA:APA91bFyJWwT2kI0xz5xYqqj2qktpEmS235pfmRsBpHqFPFpeNeFixb---6jm2gEThCWa2DVuJLRZq5oVGjoEGpofBKr98kMO7Ieen5bkcC43iMuRf8xKFKqBrcjC8YYcqTj__W8Clgy","level":"info","message":"","timestamp":"22:03:10"}
{"level":"info","message":"PUT /artikli/1740/status","timestamp":"22:03:11"}
{"message":"Cannot read property 'kolicina' of undefined","stack":"TypeError: Cannot read property 'kolicina' of undefined\n    at prepareMessage (F:\\My projects\\smapp\\smapp-api\\app\\routes\\artikli.route.js:31:32)\n    at F:\\My projects\\smapp\\smapp-api\\app\\routes\\artikli.route.js:556:32\n    at tryCatcher (F:\\My projects\\smapp\\smapp-api\\node_modules\\sequelize\\node_modules\\bluebird\\js\\release\\util.js:16:23)\n    at Promise._settlePromiseFromHandler (F:\\My projects\\smapp\\smapp-api\\node_modules\\sequelize\\node_modules\\bluebird\\js\\release\\promise.js:512:31)\n    at Promise._settlePromise (F:\\My projects\\smapp\\smapp-api\\node_modules\\sequelize\\node_modules\\bluebird\\js\\release\\promise.js:569:18)\n    at Promise._settlePromise0 (F:\\My projects\\smapp\\smapp-api\\node_modules\\sequelize\\node_modules\\bluebird\\js\\release\\promise.js:614:10)\n    at Promise._settlePromises (F:\\My projects\\smapp\\smapp-api\\node_modules\\sequelize\\node_modules\\bluebird\\js\\release\\promise.js:693:18)\n    at Async._drainQueue (F:\\My projects\\smapp\\smapp-api\\node_modules\\sequelize\\node_modules\\bluebird\\js\\release\\async.js:133:16)\n    at Async._drainQueues (F:\\My projects\\smapp\\smapp-api\\node_modules\\sequelize\\node_modules\\bluebird\\js\\release\\async.js:143:10)\n    at Immediate.Async.drainQueues (F:\\My projects\\smapp\\smapp-api\\node_modules\\sequelize\\node_modules\\bluebird\\js\\release\\async.js:17:14)\n    at runCallback (timers.js:789:20)\n    at tryOnImmediate (timers.js:751:5)\n    at processImmediate [as _immediateCallback] (timers.js:722:5)","level":"error","timestamp":"22:03:12"}
{"level":"info","message":"GET /artikli","timestamp":"22:03:12"}
{"level":"info","message":"GET /artikli/limit/1/10","timestamp":"22:03:12"}
{"level":"info","message":"GET /artikli","timestamp":"22:03:12"}
{"level":"info","message":"GET /artikli","timestamp":"22:03:46"}
{"level":"info","message":"GET /artikli","timestamp":"22:03:46"}
{"level":"info","message":"GET /artikli/limit/1/10","timestamp":"22:03:46"}
{"level":"info","message":"GET /artikli","timestamp":"22:04:49"}
{"level":"info","message":"GET /artikli","timestamp":"22:04:49"}
{"level":"info","message":"GET /statistika","timestamp":"22:04:49"}
{"level":"info","message":"GET /lastActivity/1/5","timestamp":"22:04:49"}
{"level":"info","message":"GET /artikli","timestamp":"22:04:49"}
{"level":"info","message":"GET /artikli","timestamp":"22:04:49"}
{"level":"info","message":"GET /artikli/limit/1/10","timestamp":"22:04:49"}
{"level":"info","message":"GET /artikli","timestamp":"22:04:50"}
{"level":"info","message":"GET /artikli","timestamp":"22:04:50"}
{"level":"info","message":"GET /lastActivity/1/5","timestamp":"22:04:50"}
{"level":"info","message":"GET /artikli","timestamp":"22:04:50"}
{"level":"info","message":"GET /statistika","timestamp":"22:04:50"}
{"level":"info","message":"GET /statistika","timestamp":"22:04:51"}
{"level":"info","message":"GET /statistika","timestamp":"22:04:52"}
{"level":"info","message":"GET /artikli","timestamp":"22:04:52"}
{"level":"info","message":"GET /artikli","timestamp":"22:04:52"}
{"level":"info","message":"GET /artikli/limit/1/10","timestamp":"22:04:52"}
{"level":"info","message":"GET /statistika","timestamp":"22:04:53"}
{"level":"info","message":"PUT /artikli/1740/status","timestamp":"22:04:59"}
{"message":"Cannot read property 'kolicina' of undefined","stack":"TypeError: Cannot read property 'kolicina' of undefined\n    at prepareMessage (F:\\My projects\\smapp\\smapp-api\\app\\routes\\artikli.route.js:31:32)\n    at F:\\My projects\\smapp\\smapp-api\\app\\routes\\artikli.route.js:556:32\n    at tryCatcher (F:\\My projects\\smapp\\smapp-api\\node_modules\\sequelize\\node_modules\\bluebird\\js\\release\\util.js:16:23)\n    at Promise._settlePromiseFromHandler (F:\\My projects\\smapp\\smapp-api\\node_modules\\sequelize\\node_modules\\bluebird\\js\\release\\promise.js:512:31)\n    at Promise._settlePromise (F:\\My projects\\smapp\\smapp-api\\node_modules\\sequelize\\node_modules\\bluebird\\js\\release\\promise.js:569:18)\n    at Promise._settlePromise0 (F:\\My projects\\smapp\\smapp-api\\node_modules\\sequelize\\node_modules\\bluebird\\js\\release\\promise.js:614:10)\n    at Promise._settlePromises (F:\\My projects\\smapp\\smapp-api\\node_modules\\sequelize\\node_modules\\bluebird\\js\\release\\promise.js:693:18)\n    at Async._drainQueue (F:\\My projects\\smapp\\smapp-api\\node_modules\\sequelize\\node_modules\\bluebird\\js\\release\\async.js:133:16)\n    at Async._drainQueues (F:\\My projects\\smapp\\smapp-api\\node_modules\\sequelize\\node_modules\\bluebird\\js\\release\\async.js:143:10)\n    at Immediate.Async.drainQueues (F:\\My projects\\smapp\\smapp-api\\node_modules\\sequelize\\node_modules\\bluebird\\js\\release\\async.js:17:14)\n    at runCallback (timers.js:789:20)\n    at tryOnImmediate (timers.js:751:5)\n    at processImmediate [as _immediateCallback] (timers.js:722:5)","level":"error","timestamp":"22:04:59"}
{"level":"info","message":"GET /artikli","timestamp":"22:04:59"}
{"level":"info","message":"GET /artikli","timestamp":"22:04:59"}
{"level":"info","message":"GET /artikli/limit/1/10","timestamp":"22:04:59"}
{"level":"info","message":"GET /artikli","timestamp":"22:04:59"}
{"level":"info","message":"GET /artikli","timestamp":"22:04:59"}
{"level":"info","message":"GET /artikli/limit/1/10","timestamp":"22:04:59"}
{"level":"info","message":"GET /artikli","timestamp":"22:05:24"}
{"level":"info","message":"GET /lastActivity/1/5","timestamp":"22:05:24"}
{"level":"info","message":"GET /artikli","timestamp":"22:05:24"}
{"level":"info","message":"GET /statistika","timestamp":"22:05:24"}
{"level":"info","message":"GET /artikli","timestamp":"22:05:24"}
{"level":"info","message":"GET /artikli","timestamp":"22:05:25"}
{"level":"info","message":"GET /lastActivity/1/5","timestamp":"22:05:25"}
{"level":"info","message":"GET /artikli","timestamp":"22:05:25"}
{"level":"info","message":"GET /statistika","timestamp":"22:05:26"}
{"level":"info","message":"GET /statistika","timestamp":"22:05:26"}
{"level":"info","message":"GET /statistika","timestamp":"22:05:27"}
{"level":"info","message":"GET /artikli/limit/1/10","timestamp":"22:05:28"}
{"level":"info","message":"GET /artikli","timestamp":"22:05:28"}
{"level":"info","message":"GET /artikli","timestamp":"22:05:28"}
{"level":"info","message":"PUT /artikli/1740/status","timestamp":"22:05:30"}
{"message":"Cannot read property 'kolicina' of undefined","stack":"TypeError: Cannot read property 'kolicina' of undefined\n    at prepareMessage (F:\\My projects\\smapp\\smapp-api\\app\\routes\\artikli.route.js:31:32)\n    at F:\\My projects\\smapp\\smapp-api\\app\\routes\\artikli.route.js:556:32\n    at tryCatcher (F:\\My projects\\smapp\\smapp-api\\node_modules\\sequelize\\node_modules\\bluebird\\js\\release\\util.js:16:23)\n    at Promise._settlePromiseFromHandler (F:\\My projects\\smapp\\smapp-api\\node_modules\\sequelize\\node_modules\\bluebird\\js\\release\\promise.js:512:31)\n    at Promise._settlePromise (F:\\My projects\\smapp\\smapp-api\\node_modules\\sequelize\\node_modules\\bluebird\\js\\release\\promise.js:569:18)\n    at Promise._settlePromise0 (F:\\My projects\\smapp\\smapp-api\\node_modules\\sequelize\\node_modules\\bluebird\\js\\release\\promise.js:614:10)\n    at Promise._settlePromises (F:\\My projects\\smapp\\smapp-api\\node_modules\\sequelize\\node_modules\\bluebird\\js\\release\\promise.js:693:18)\n    at Async._drainQueue (F:\\My projects\\smapp\\smapp-api\\node_modules\\sequelize\\node_modules\\bluebird\\js\\release\\async.js:133:16)\n    at Async._drainQueues (F:\\My projects\\smapp\\smapp-api\\node_modules\\sequelize\\node_modules\\bluebird\\js\\release\\async.js:143:10)\n    at Immediate.Async.drainQueues (F:\\My projects\\smapp\\smapp-api\\node_modules\\sequelize\\node_modules\\bluebird\\js\\release\\async.js:17:14)\n    at runCallback (timers.js:789:20)\n    at tryOnImmediate (timers.js:751:5)\n    at processImmediate [as _immediateCallback] (timers.js:722:5)","level":"error","timestamp":"22:05:30"}
{"level":"info","message":"GET /artikli","timestamp":"22:05:30"}
{"level":"info","message":"GET /artikli","timestamp":"22:05:30"}
{"level":"info","message":"GET /artikli/limit/1/10","timestamp":"22:05:30"}
{"level":"info","message":"DELETE /artikli","timestamp":"22:05:40"}
{"level":"info","message":"GET /statistika","timestamp":"22:05:49"}
{"level":"info","message":"GET /artikli","timestamp":"22:05:50"}
{"level":"info","message":"GET /artikli/limit/1/10","timestamp":"22:05:50"}
{"level":"info","message":"GET /artikli","timestamp":"22:05:50"}
{"level":"info","message":"GET /artikli","timestamp":"22:09:17"}
{"level":"info","message":"GET /statistika","timestamp":"22:09:18"}
{"level":"info","message":"GET /artikli","timestamp":"22:09:18"}
{"level":"info","message":"GET /lastActivity/1/5","timestamp":"22:09:18"}
{"level":"info","message":"GET /artikli","timestamp":"22:09:18"}
{"level":"info","message":"GET /artikli","timestamp":"22:09:18"}
{"level":"info","message":"GET /artikli","timestamp":"22:09:18"}
{"level":"info","message":"GET /lastActivity/1/5","timestamp":"22:09:18"}
{"level":"info","message":"GET /statistika","timestamp":"22:09:19"}
{"level":"info","message":"GET /statistika","timestamp":"22:09:20"}
{"level":"info","message":"GET /statistika","timestamp":"22:11:00"}
{"level":"info","message":"GET /paketi","timestamp":"22:11:02"}
{"level":"info","message":"GET /paketi","timestamp":"22:11:02"}
{"level":"info","message":"POST /paketi","timestamp":"22:11:07"}
{"level":"info","message":"GET /paketi","timestamp":"22:11:08"}
{"level":"info","message":"GET /paketi","timestamp":"22:11:08"}
{"level":"info","message":"DELETE /paketi","timestamp":"22:11:19"}
{"level":"info","message":"GET /paketi","timestamp":"22:11:20"}
{"level":"info","message":"GET /paketi","timestamp":"22:11:20"}
{"level":"info","message":"GET /statistika","timestamp":"22:11:25"}
{"level":"info","message":"CZOO - Node app is running on port 8081  | MODE:  development","timestamp":"22:22:39"}
{"level":"info","message":"CZOO - Node app is running on port 8081  | MODE:  development","timestamp":"22:24:11"}
{"level":"info","message":"GET /artikli","timestamp":"22:25:19"}
{"level":"info","message":"GET /statistika","timestamp":"22:25:19"}
{"level":"info","message":"GET /artikli","timestamp":"22:25:19"}
{"level":"info","message":"GET /lastActivity/1/5","timestamp":"22:25:19"}
{"level":"info","message":"GET /artikli","timestamp":"22:25:19"}
{"level":"info","message":"GET /artikli","timestamp":"22:25:20"}
{"level":"info","message":"GET /lastActivity/1/5","timestamp":"22:25:20"}
{"level":"info","message":"GET /artikli","timestamp":"22:25:20"}
{"level":"info","message":"GET /statistika","timestamp":"22:25:21"}
{"level":"info","message":"GET /statistika","timestamp":"22:25:22"}
{"level":"info","message":"GET /statistika","timestamp":"22:25:23"}
{"imeprezime":"asd","info":"","status":"inform","level":"info","message":"POST OSOBE","timestamp":"22:25:26"}
{"level":"info","message":"GET /artikli","timestamp":"22:25:56"}
{"level":"info","message":"GET /artikli","timestamp":"22:25:56"}
{"level":"info","message":"GET /statistika","timestamp":"22:25:56"}
{"level":"info","message":"GET /lastActivity/1/5","timestamp":"22:25:56"}
{"level":"info","message":"GET /artikli","timestamp":"22:25:56"}
{"level":"info","message":"GET /artikli","timestamp":"22:25:57"}
{"level":"info","message":"GET /artikli","timestamp":"22:25:57"}
{"level":"info","message":"GET /lastActivity/1/5","timestamp":"22:25:57"}
{"level":"info","message":"GET /statistika","timestamp":"22:25:58"}
{"level":"info","message":"GET /statistika","timestamp":"22:25:59"}
{"level":"info","message":"GET /artikli","timestamp":"22:26:20"}
{"level":"info","message":"GET /artikli","timestamp":"22:26:20"}
{"level":"info","message":"GET /lastActivity/1/5","timestamp":"22:26:20"}
{"level":"info","message":"GET /statistika","timestamp":"22:26:20"}
{"level":"info","message":"GET /artikli","timestamp":"22:26:20"}
{"level":"info","message":"GET /artikli","timestamp":"22:26:21"}
{"level":"info","message":"GET /artikli","timestamp":"22:26:21"}
{"level":"info","message":"GET /lastActivity/1/5","timestamp":"22:26:21"}
{"level":"info","message":"GET /statistika","timestamp":"22:26:22"}
{"level":"info","message":"GET /statistika","timestamp":"22:26:23"}
{"level":"info","message":"GET /statistika","timestamp":"22:26:24"}
{"level":"info","message":"GET /statistika","timestamp":"22:26:28"}
{"level":"info","message":"GET /artikli","timestamp":"22:26:32"}
{"level":"info","message":"GET /statistika","timestamp":"22:26:32"}
{"level":"info","message":"GET /artikli","timestamp":"22:26:32"}
{"level":"info","message":"GET /lastActivity/1/5","timestamp":"22:26:32"}
{"level":"info","message":"GET /lastActivity/2/5","timestamp":"22:26:36"}
{"level":"info","message":"GET /lastActivity/3/5","timestamp":"22:26:37"}
{"level":"info","message":"GET /statistika","timestamp":"22:26:39"}
{"level":"info","message":"GET /artikli","timestamp":"22:27:51"}
{"level":"info","message":"GET /statistika","timestamp":"22:27:51"}
{"level":"info","message":"GET /artikli","timestamp":"22:27:51"}
{"level":"info","message":"GET /lastActivity/1/5","timestamp":"22:27:51"}
{"level":"info","message":"GET /artikli","timestamp":"22:27:51"}
{"level":"info","message":"GET /artikli","timestamp":"22:27:51"}
{"level":"info","message":"GET /lastActivity/1/5","timestamp":"22:27:51"}
{"level":"info","message":"GET /artikli","timestamp":"22:27:51"}
{"level":"info","message":"GET /statistika","timestamp":"22:27:52"}
{"level":"info","message":"GET /statistika","timestamp":"22:27:53"}
{"level":"info","message":"GET /statistika","timestamp":"22:28:03"}
{"level":"info","message":"GET /statistika","timestamp":"22:28:10"}
{"level":"info","message":"GET /artikli","timestamp":"22:28:11"}
{"level":"info","message":"GET /artikli","timestamp":"22:28:11"}
{"level":"info","message":"GET /lastActivity/1/5","timestamp":"22:28:11"}
{"level":"info","message":"GET /statistika","timestamp":"22:28:11"}
{"level":"info","message":"CZOO - Node app is running on port 8081  | MODE:  development","timestamp":"22:50:21"}
{"level":"info","message":"CZOO - Node app is running on port 8081  | MODE:  development","timestamp":"14:42:50"}
{"level":"info","message":"CZOO - Node app is running on port 8081  | MODE:  development","timestamp":"14:44:55"}
{"level":"info","message":"CZOO - Node app is running on port 8081  | MODE:  development","timestamp":"14:45:37"}
{"level":"info","message":"Sending test push","timestamp":"14:46:11"}
{"level":"debug","message":"req.query.id","timestamp":"14:46:29"}
{"level":"info","message":"CZOO - Node app is running on port 8081  | MODE:  development","timestamp":"14:46:46"}
{"level":"debug","message":"req.query.id","timestamp":"14:46:49"}
{"level":"info","message":"CZOO - Node app is running on port 8081  | MODE:  development","timestamp":"14:46:59"}
{"level":"info","message":"req.query.id","timestamp":"14:47:02"}
{"level":"info","message":"req.query.id","timestamp":"14:47:09"}
{"level":"info","message":"CZOO - Node app is running on port 8081  | MODE:  development","timestamp":"14:47:30"}
{"level":"info","message":"req.query.id 1","timestamp":"14:47:30"}
{"level":"info","message":"CZOO - Node app is running on port 8081  | MODE:  development","timestamp":"14:48:11"}
{"level":"info","message":"req.query.id 1","timestamp":"14:48:14"}
{"level":"info","message":"CZOO - Node app is running on port 8081  | MODE:  development","timestamp":"14:48:56"}
{"level":"info","message":"req.query.id 1","timestamp":"14:48:58"}
{"level":"info","message":"CZOO - Node app is running on port 8081  | MODE:  development","timestamp":"14:49:13"}
{"level":"info","message":"req.query.id 1","timestamp":"14:49:15"}
{"level":"info","message":"req.query.id 1","timestamp":"14:49:20"}
{"level":"info","message":"CZOO - Node app is running on port 8081  | MODE:  development","timestamp":"14:49:28"}
{"level":"info","message":"req.query.id","timestamp":"14:49:37"}
{"level":"info","message":"CZOO - Node app is running on port 8081  | MODE:  development","timestamp":"14:49:45"}
{"level":"info","message":"CZOO - Node app is running on port 8081  | MODE:  development","timestamp":"14:49:57"}
{"level":"info","message":"body empty","timestamp":"14:49:59"}
{"level":"info","message":"CZOO - Node app is running on port 8081  | MODE:  development","timestamp":"14:50:25"}
{"level":"info","message":"body empty","timestamp":"14:50:26"}
{"level":"info","message":"CZOO - Node app is running on port 8081  | MODE:  development","timestamp":"14:51:07"}
{"level":"info","message":"CZOO - Node app is running on port 8081  | MODE:  development","timestamp":"14:52:34"}
{"level":"info","message":"CZOO - Node app is running on port 8081  | MODE:  development","timestamp":"14:53:35"}
{"level":"info","message":"CZOO - Node app is running on port 8081  | MODE:  development","timestamp":"14:53:43"}
{"level":"info","message":"CZOO - Node app is running on port 8081  | MODE:  development","timestamp":"14:53:54"}
{"level":"info","message":"CZOO - Node app is running on port 8081  | MODE:  development","timestamp":"14:54:08"}
{"level":"info","message":"CZOO - Node app is running on port 8081  | MODE:  development","timestamp":"14:54:20"}
{"level":"info","message":"CZOO - Node app is running on port 8081  | MODE:  development","timestamp":"14:55:12"}
{"level":"info","message":"CZOO - Node app is running on port 8081  | MODE:  development","timestamp":"14:55:18"}
{"level":"info","message":"CZOO - Node app is running on port 8081  | MODE:  development","timestamp":"14:55:27"}
{"level":"info","message":"CZOO - Node app is running on port 8081  | MODE:  development","timestamp":"14:55:53"}
{"level":"info","message":"CZOO - Node app is running on port 8081  | MODE:  development","timestamp":"14:56:05"}
{"req_id":"spaha","level":"info","message":"req.query.id","timestamp":"14:56:28"}
{"level":"info","message":"CZOO - Node app is running on port 8081  | MODE:  development","timestamp":"14:57:13"}
{"req_id":"spaha","level":"info","message":"req.query.id","timestamp":"14:57:15"}
{"reg_id":"spaha","level":"info","message":"req.query.id","timestamp":"14:57:54"}
{"reg_id":"proba","level":"info","message":"req.query.id","timestamp":"15:03:13"}
